<?xml version="1.0" encoding="UTF-8"?>
<TestRun id="3a5e3e4e-f233-453e-ae96-8632ee774bad" name="erik@ZAPOTE04 2017-05-23 23:19:59" runUser="ZAPOTE04\erik" xmlns="http://microsoft.com/schemas/VisualStudio/TeamTest/2010">
  <Times creation="2017-05-23T23:19:59.3331501+02:00" queuing="2017-05-23T23:19:59.3331501+02:00" start="2017-05-23T23:19:56.9123022+02:00" finish="2017-05-23T23:20:01.6281499+02:00" />
  <TestSettings name="default" id="e93db2f1-23d8-45b6-a42d-71e00f79428c">
    <Deployment runDeploymentRoot="erik_ZAPOTE04 2017-05-23 23_19_59" />
  </TestSettings>
  <Results>
    <UnitTestResult executionId="6c729fd2-4a50-4b90-8926-7b1064b1847f" testId="13478cc5-27ad-40fb-9f88-b610ef0339bd" testName="EzBus.AcceptanceTest.When_host_starts.All_startup_tasks_shall_have_run" computerName="ZAPOTE04" duration="00:00:00.0760000" startTime="2017-05-23T23:19:59.3361509+02:00" endTime="2017-05-23T23:19:59.3361509+02:00" testType="13cdc9d9-ddb5-4fa4-a97d-d965ccfc6d4b" outcome="Passed" testListId="8c84fa94-04c1-424b-9868-57a2d4851a1d" relativeResultsDirectory="6c729fd2-4a50-4b90-8926-7b1064b1847f" />
    <UnitTestResult executionId="c6240100-5114-4b48-959d-8360812ae406" testId="34d938b2-9406-4734-9205-c4f3d9841562" testName="EzBus.AcceptanceTest.When_message_is_received.Message_is_handled" computerName="ZAPOTE04" duration="00:00:00.1180000" startTime="2017-05-23T23:19:59.3381495+02:00" endTime="2017-05-23T23:19:59.3381495+02:00" testType="13cdc9d9-ddb5-4fa4-a97d-d965ccfc6d4b" outcome="Passed" testListId="8c84fa94-04c1-424b-9868-57a2d4851a1d" relativeResultsDirectory="c6240100-5114-4b48-959d-8360812ae406" />
    <UnitTestResult executionId="ce3ad864-c411-4873-bc4f-26023cc9c75c" testId="fded30ff-8439-4287-be55-cb5f2bd13212" testName="EzBus.AcceptanceTest.When_message_is_received_and_exception_is_thrown.Message_should_be_retried_five_times" computerName="ZAPOTE04" duration="00:00:00.0130000" startTime="2017-05-23T23:19:59.3381495+02:00" endTime="2017-05-23T23:19:59.3381495+02:00" testType="13cdc9d9-ddb5-4fa4-a97d-d965ccfc6d4b" outcome="Passed" testListId="8c84fa94-04c1-424b-9868-57a2d4851a1d" relativeResultsDirectory="ce3ad864-c411-4873-bc4f-26023cc9c75c" />
    <UnitTestResult executionId="8f930023-c819-48a3-86a0-bb1e6e133ab3" testId="e6bdc259-b978-4e45-8b8f-c9ef6e5cce49" testName="EzBus.AcceptanceTest.When_message_is_received_and_exception_is_thrown.Message_should_be_placed_on_error_queue" computerName="ZAPOTE04" duration="00:00:00.0100000" startTime="2017-05-23T23:19:59.3381495+02:00" endTime="2017-05-23T23:19:59.3381495+02:00" testType="13cdc9d9-ddb5-4fa4-a97d-d965ccfc6d4b" outcome="Passed" testListId="8c84fa94-04c1-424b-9868-57a2d4851a1d" relativeResultsDirectory="8f930023-c819-48a3-86a0-bb1e6e133ab3" />
    <UnitTestResult executionId="bd33312b-8ae5-4d7a-a344-184aa0dd78ba" testId="54773229-ddd6-4dcd-a368-7e95f7577ffa" testName="EzBus.AcceptanceTest.When_message_is_sent.Then_the_message_should_end_up_in_correct_destination" computerName="ZAPOTE04" duration="00:00:00.0320000" startTime="2017-05-23T23:19:59.3381495+02:00" endTime="2017-05-23T23:19:59.3381495+02:00" testType="13cdc9d9-ddb5-4fa4-a97d-d965ccfc6d4b" outcome="Passed" testListId="8c84fa94-04c1-424b-9868-57a2d4851a1d" relativeResultsDirectory="bd33312b-8ae5-4d7a-a344-184aa0dd78ba" />
    <UnitTestResult executionId="baf1e205-9ce0-4d06-b02c-ff8b604654b3" testId="1cde7bb9-8dbd-4da5-b827-6132ebcedc50" testName="EzBus.Core.Test.Utils.AssemblyScannerTest.Scanner_should_find_all_handlers_types" computerName="ZAPOTE04" duration="00:00:00.0150000" startTime="2017-05-23T23:20:01.5341480+02:00" endTime="2017-05-23T23:20:01.5341480+02:00" testType="13cdc9d9-ddb5-4fa4-a97d-d965ccfc6d4b" outcome="Passed" testListId="8c84fa94-04c1-424b-9868-57a2d4851a1d" relativeResultsDirectory="baf1e205-9ce0-4d06-b02c-ff8b604654b3" />
    <UnitTestResult executionId="97564440-6f52-4ddb-82e4-e3ecef7b3b26" testId="06174c72-fdd2-4a38-9ac5-6a2f343e7314" testName="EzBus.Core.Test.Resolvers.LoggerFactoryResolverTest.LoggerFactory_should_be_TraceLoggerFactory" computerName="ZAPOTE04" duration="00:00:00.0140000" startTime="2017-05-23T23:20:01.5341480+02:00" endTime="2017-05-23T23:20:01.5341480+02:00" testType="13cdc9d9-ddb5-4fa4-a97d-d965ccfc6d4b" outcome="Passed" testListId="8c84fa94-04c1-424b-9868-57a2d4851a1d" relativeResultsDirectory="97564440-6f52-4ddb-82e4-e3ecef7b3b26" />
    <UnitTestResult executionId="3483cb70-369c-4714-a5be-4bbe3cd7cf07" testId="be9fd77d-6d8c-4618-a5aa-8623b8502ab0" testName="EzBus.Core.Test.Utils.AssemblyScannerTest.Scanner_should_find_all_IReceivingChannel_types" computerName="ZAPOTE04" duration="00:00:00.0020000" startTime="2017-05-23T23:20:01.5341480+02:00" endTime="2017-05-23T23:20:01.5341480+02:00" testType="13cdc9d9-ddb5-4fa4-a97d-d965ccfc6d4b" outcome="Passed" testListId="8c84fa94-04c1-424b-9868-57a2d4851a1d" relativeResultsDirectory="3483cb70-369c-4714-a5be-4bbe3cd7cf07" />
    <UnitTestResult executionId="aaae66e0-f5d5-46f2-a2f9-150113561436" testId="2ab609cc-87ec-4925-bdc3-3e8d47e00ba7" testName="EzBus.Core.Test.Serializers.XmlSerializationTest.ComplexTypeIsSerializedCorrect" computerName="ZAPOTE04" duration="00:00:00.0160000" startTime="2017-05-23T23:20:01.5341480+02:00" endTime="2017-05-23T23:20:01.5341480+02:00" testType="13cdc9d9-ddb5-4fa4-a97d-d965ccfc6d4b" outcome="Passed" testListId="8c84fa94-04c1-424b-9868-57a2d4851a1d" relativeResultsDirectory="aaae66e0-f5d5-46f2-a2f9-150113561436" />
    <UnitTestResult executionId="997a6911-a2c4-44cb-9d5f-9966adba3c22" testId="bf2f4afa-dbbe-4717-823c-6cedcb15bf46" testName="EzBus.Core.Test.Serializers.XmlSerializationTest.DateTimeIsSerializedCorrect" computerName="ZAPOTE04" duration="00:00:00.0010000" startTime="2017-05-23T23:20:01.5341480+02:00" endTime="2017-05-23T23:20:01.5341480+02:00" testType="13cdc9d9-ddb5-4fa4-a97d-d965ccfc6d4b" outcome="Passed" testListId="8c84fa94-04c1-424b-9868-57a2d4851a1d" relativeResultsDirectory="997a6911-a2c4-44cb-9d5f-9966adba3c22" />
    <UnitTestResult executionId="89f3410b-d7b0-4a02-857b-8a8104267d1d" testId="99c7a491-d83f-448a-a983-adc7bd9bcb7c" testName="EzBus.Core.Test.Serializers.XmlSerializationTest.Collection_is_serialized_correct" computerName="ZAPOTE04" duration="00:00:00.0010000" startTime="2017-05-23T23:20:01.5341480+02:00" endTime="2017-05-23T23:20:01.5341480+02:00" testType="13cdc9d9-ddb5-4fa4-a97d-d965ccfc6d4b" outcome="Passed" testListId="8c84fa94-04c1-424b-9868-57a2d4851a1d" relativeResultsDirectory="89f3410b-d7b0-4a02-857b-8a8104267d1d" />
    <UnitTestResult executionId="a71b6373-911e-448c-8e86-b940bdb74f49" testId="7bbe4b90-a2a1-4e6a-9c85-f7cafca079f1" testName="EzBus.Core.Test.Serializers.XmlSerializationTest.Message_with_collection_is_serialized_correct" computerName="ZAPOTE04" duration="00:00:00.0010000" startTime="2017-05-23T23:20:01.5341480+02:00" endTime="2017-05-23T23:20:01.5341480+02:00" testType="13cdc9d9-ddb5-4fa4-a97d-d965ccfc6d4b" outcome="Passed" testListId="8c84fa94-04c1-424b-9868-57a2d4851a1d" relativeResultsDirectory="a71b6373-911e-448c-8e86-b940bdb74f49" />
    <UnitTestResult executionId="b7b4c700-1c6f-4c10-9784-604c54f5fffd" testId="ad66a76d-6d84-46f5-83ca-c6ff65e6079c" testName="EzBus.Core.Test.Serializers.XmlSerializationTest.DecimalIsSerializedCorrect" computerName="ZAPOTE04" duration="00:00:00.0010000" startTime="2017-05-23T23:20:01.5341480+02:00" endTime="2017-05-23T23:20:01.5341480+02:00" testType="13cdc9d9-ddb5-4fa4-a97d-d965ccfc6d4b" outcome="Passed" testListId="8c84fa94-04c1-424b-9868-57a2d4851a1d" relativeResultsDirectory="b7b4c700-1c6f-4c10-9784-604c54f5fffd" />
    <UnitTestResult executionId="8f197533-0ea0-4e70-8ed4-ac428806d628" testId="123c20d3-28d2-4bee-916f-30db4668f138" testName="EzBus.Core.Test.Serializers.XmlDeserializationTest.Message_should_be_created" computerName="ZAPOTE04" duration="00:00:00.0130000" startTime="2017-05-23T23:20:01.5701500+02:00" endTime="2017-05-23T23:20:01.5701500+02:00" testType="13cdc9d9-ddb5-4fa4-a97d-d965ccfc6d4b" outcome="Passed" testListId="8c84fa94-04c1-424b-9868-57a2d4851a1d" relativeResultsDirectory="8f197533-0ea0-4e70-8ed4-ac428806d628" />
    <UnitTestResult executionId="de53e11d-d4bf-4977-b004-702c167d48e6" testId="4f22dac6-86f2-4ebb-ac8c-4cb3e70e51bd" testName="EzBus.Core.Test.Serializers.XmlDeserializationTest.Collection_should_be_set" computerName="ZAPOTE04" duration="00:00:00.0030000" startTime="2017-05-23T23:20:01.5701500+02:00" endTime="2017-05-23T23:20:01.5701500+02:00" testType="13cdc9d9-ddb5-4fa4-a97d-d965ccfc6d4b" outcome="Passed" testListId="8c84fa94-04c1-424b-9868-57a2d4851a1d" relativeResultsDirectory="de53e11d-d4bf-4977-b004-702c167d48e6" />
    <UnitTestResult executionId="f95be497-7e7c-4457-b69d-3ed123d726e3" testId="5954ec38-6a3e-4eb3-8e62-a44528536f1f" testName="EzBus.Core.Test.Serializers.XmlDeserializationTest.IntValue_should_be_set" computerName="ZAPOTE04" duration="00:00:00.0010000" startTime="2017-05-23T23:20:01.5701500+02:00" endTime="2017-05-23T23:20:01.5701500+02:00" testType="13cdc9d9-ddb5-4fa4-a97d-d965ccfc6d4b" outcome="Passed" testListId="8c84fa94-04c1-424b-9868-57a2d4851a1d" relativeResultsDirectory="f95be497-7e7c-4457-b69d-3ed123d726e3" />
    <UnitTestResult executionId="c8c1c52f-ca54-402a-acf7-043486c75e2d" testId="48016af1-9be2-4fae-bb56-4d0301a03435" testName="EzBus.Core.Test.Serializers.XmlDeserializationTest.StringValue_should_be_set" computerName="ZAPOTE04" duration="00:00:00.0010000" startTime="2017-05-23T23:20:01.5701500+02:00" endTime="2017-05-23T23:20:01.5701500+02:00" testType="13cdc9d9-ddb5-4fa4-a97d-d965ccfc6d4b" outcome="Passed" testListId="8c84fa94-04c1-424b-9868-57a2d4851a1d" relativeResultsDirectory="c8c1c52f-ca54-402a-acf7-043486c75e2d" />
    <UnitTestResult executionId="d64abf35-bec3-4776-8dc2-45b77aab2747" testId="e993bb50-e28d-453e-bfb5-738240999ee2" testName="EzBus.Core.Test.Serializers.XmlDeserializationTest.NullableIntValue_should_be_set" computerName="ZAPOTE04" duration="00:00:00.0010000" startTime="2017-05-23T23:20:01.5701500+02:00" endTime="2017-05-23T23:20:01.5701500+02:00" testType="13cdc9d9-ddb5-4fa4-a97d-d965ccfc6d4b" outcome="Passed" testListId="8c84fa94-04c1-424b-9868-57a2d4851a1d" relativeResultsDirectory="d64abf35-bec3-4776-8dc2-45b77aab2747" />
    <UnitTestResult executionId="fa938c96-f199-4a5b-a12a-1a560119ccc1" testId="0045527a-b163-45e6-8f89-73c076fe237d" testName="EzBus.Core.Test.Serializers.XmlSerializationTest.StringIsSerializedCorrect" computerName="ZAPOTE04" duration="00:00:00.0170000" startTime="2017-05-23T23:20:01.5701500+02:00" endTime="2017-05-23T23:20:01.5701500+02:00" testType="13cdc9d9-ddb5-4fa4-a97d-d965ccfc6d4b" outcome="Passed" testListId="8c84fa94-04c1-424b-9868-57a2d4851a1d" relativeResultsDirectory="fa938c96-f199-4a5b-a12a-1a560119ccc1" />
    <UnitTestResult executionId="e4a4f5d5-0298-4996-8f91-27f3f31aaff3" testId="5946c212-be4b-485c-9289-c68ed2cf4ba3" testName="EzBus.Core.Test.ObjectFactory.LightInjectObjectFactoryTest.Gets_different_objects_within_scope_when_registered_unique" computerName="ZAPOTE04" duration="00:00:00.1070000" startTime="2017-05-23T23:20:01.5701500+02:00" endTime="2017-05-23T23:20:01.5701500+02:00" testType="13cdc9d9-ddb5-4fa4-a97d-d965ccfc6d4b" outcome="Passed" testListId="8c84fa94-04c1-424b-9868-57a2d4851a1d" relativeResultsDirectory="e4a4f5d5-0298-4996-8f91-27f3f31aaff3" />
    <UnitTestResult executionId="9389c802-5a39-4051-a29a-70fad0545be3" testId="c0ef9d5e-3c02-4a55-8d46-1cad95491493" testName="EzBus.Core.Test.ObjectFactory.LightInjectObjectFactoryTest.Gets_same_object_within_scope" computerName="ZAPOTE04" duration="00:00:00.0040000" startTime="2017-05-23T23:20:01.5701500+02:00" endTime="2017-05-23T23:20:01.5701500+02:00" testType="13cdc9d9-ddb5-4fa4-a97d-d965ccfc6d4b" outcome="Passed" testListId="8c84fa94-04c1-424b-9868-57a2d4851a1d" relativeResultsDirectory="9389c802-5a39-4051-a29a-70fad0545be3" />
    <UnitTestResult executionId="6374c421-83c7-47ff-bef7-83cfecfc8481" testId="71036106-fafc-4b61-be59-5436c2b506be" testName="EzBus.Core.Test.HandlerCacheTest.Null_is_returned_when_no_handlerinfo_exists" computerName="ZAPOTE04" duration="00:00:00.0110000" startTime="2017-05-23T23:20:01.5941472+02:00" endTime="2017-05-23T23:20:01.5941472+02:00" testType="13cdc9d9-ddb5-4fa4-a97d-d965ccfc6d4b" outcome="Passed" testListId="8c84fa94-04c1-424b-9868-57a2d4851a1d" relativeResultsDirectory="6374c421-83c7-47ff-bef7-83cfecfc8481" />
    <UnitTestResult executionId="47ae9029-afe9-4836-a8ad-ebb6b7f85fec" testId="6a4c805e-eafc-426f-b05d-6b3a447135e4" testName="EzBus.Core.Test.HandlerCacheTest.Handler_info_is_returned_when_using_full_name" computerName="ZAPOTE04" duration="00:00:00.0010000" startTime="2017-05-23T23:20:01.5941472+02:00" endTime="2017-05-23T23:20:01.5941472+02:00" testType="13cdc9d9-ddb5-4fa4-a97d-d965ccfc6d4b" outcome="Passed" testListId="8c84fa94-04c1-424b-9868-57a2d4851a1d" relativeResultsDirectory="47ae9029-afe9-4836-a8ad-ebb6b7f85fec" />
    <UnitTestResult executionId="840b21e6-c6ca-48ed-8b86-136f37fff389" testId="61f3c0b4-9f89-4111-a2c7-c4548c435516" testName="EzBus.Core.Test.HandlerCacheTest.Handler_info_is_returned_when_using_only_class_name" computerName="ZAPOTE04" duration="00:00:00.0010000" startTime="2017-05-23T23:20:01.5941472+02:00" endTime="2017-05-23T23:20:01.5941472+02:00" testType="13cdc9d9-ddb5-4fa4-a97d-d965ccfc6d4b" outcome="Passed" testListId="8c84fa94-04c1-424b-9868-57a2d4851a1d" relativeResultsDirectory="840b21e6-c6ca-48ed-8b86-136f37fff389" />
    <UnitTestResult executionId="0d5c9e5f-87c9-40c8-9a72-2ef73ad56849" testId="5d5b6939-d3ca-4684-9435-d64d77cce9a1" testName="EzBus.Core.Test.Utils.TypeExtensionsTest.GetAssemblyName_returns_name_of_the_assembly" computerName="ZAPOTE04" duration="00:00:00.0010000" startTime="2017-05-23T23:20:01.5941472+02:00" endTime="2017-05-23T23:20:01.5941472+02:00" testType="13cdc9d9-ddb5-4fa4-a97d-d965ccfc6d4b" outcome="Passed" testListId="8c84fa94-04c1-424b-9868-57a2d4851a1d" relativeResultsDirectory="0d5c9e5f-87c9-40c8-9a72-2ef73ad56849" />
    <UnitTestResult executionId="c67c8e74-c417-4841-a95e-89e8ff86e39b" testId="396b6b87-257d-4c87-aadd-9ddf2a29f6a2" testName="EzBus.Core.Test.Utils.TypeExtensionsTest.IsLocal_returns_true_when_type_from_EzBus_Core" computerName="ZAPOTE04" duration="00:00:00.0010000" startTime="2017-05-23T23:20:01.5941472+02:00" endTime="2017-05-23T23:20:01.5941472+02:00" testType="13cdc9d9-ddb5-4fa4-a97d-d965ccfc6d4b" outcome="Passed" testListId="8c84fa94-04c1-424b-9868-57a2d4851a1d" relativeResultsDirectory="c67c8e74-c417-4841-a95e-89e8ff86e39b" />
    <UnitTestResult executionId="73303247-3d30-4f71-86dd-ee441acdfc75" testId="0cf0cf36-6657-4c42-b486-4852f6d4a800" testName="EzBus.Core.Test.Logging.TraceLoggerTest.Nothing_should_be_enabled_when_level_is_off" computerName="ZAPOTE04" duration="00:00:00.0010000" startTime="2017-05-23T23:20:01.5941472+02:00" endTime="2017-05-23T23:20:01.5941472+02:00" testType="13cdc9d9-ddb5-4fa4-a97d-d965ccfc6d4b" outcome="Passed" testListId="8c84fa94-04c1-424b-9868-57a2d4851a1d" relativeResultsDirectory="73303247-3d30-4f71-86dd-ee441acdfc75" />
    <UnitTestResult executionId="f11b9be1-3e77-4fb6-a15f-85a7ee7b6dac" testId="9a6c8d18-93d4-4c6f-bc6e-f7ccc728281f" testName="EzBus.Core.Test.Logging.TraceLoggerTest.Error_should_be_enabled_when_level_is_info" computerName="ZAPOTE04" duration="00:00:00.0010000" startTime="2017-05-23T23:20:01.5941472+02:00" endTime="2017-05-23T23:20:01.5941472+02:00" testType="13cdc9d9-ddb5-4fa4-a97d-d965ccfc6d4b" outcome="Passed" testListId="8c84fa94-04c1-424b-9868-57a2d4851a1d" relativeResultsDirectory="f11b9be1-3e77-4fb6-a15f-85a7ee7b6dac" />
    <UnitTestResult executionId="1e6f6c6c-71b4-4406-b4c7-1c5b37bf7d79" testId="a04f3f30-0a5a-4c3a-89c8-436ec249cdd2" testName="EzBus.Core.Test.Logging.TraceLoggerTest.Debug_should_not_be_enabled_when_level_is_info" computerName="ZAPOTE04" duration="00:00:00.0010000" startTime="2017-05-23T23:20:01.5941472+02:00" endTime="2017-05-23T23:20:01.5941472+02:00" testType="13cdc9d9-ddb5-4fa4-a97d-d965ccfc6d4b" outcome="Passed" testListId="8c84fa94-04c1-424b-9868-57a2d4851a1d" relativeResultsDirectory="1e6f6c6c-71b4-4406-b4c7-1c5b37bf7d79" />
    <UnitTestResult executionId="89ecd484-297b-41ef-bfe0-24890e004aae" testId="6faffbf9-d5c2-4b9c-8340-cd4e8fbb51bb" testName="EzBus.Core.Test.Config.EzBusConfigTest.Second_subscription_should_be_acme_endpoint" computerName="ZAPOTE04" duration="00:00:00.0070000" startTime="2017-05-23T23:20:01.5941472+02:00" endTime="2017-05-23T23:20:01.5941472+02:00" testType="13cdc9d9-ddb5-4fa4-a97d-d965ccfc6d4b" outcome="Passed" testListId="8c84fa94-04c1-424b-9868-57a2d4851a1d" relativeResultsDirectory="89ecd484-297b-41ef-bfe0-24890e004aae" />
    <UnitTestResult executionId="057af9d0-04cf-4218-b97e-9ed9f47bab2e" testId="9d08cf60-657a-411e-92d9-2941d4dca3d8" testName="EzBus.Core.Test.Config.EzBusConfigTest.Second_destination_should_be_globex_input" computerName="ZAPOTE04" duration="00:00:00.0010000" startTime="2017-05-23T23:20:01.6261498+02:00" endTime="2017-05-23T23:20:01.6261498+02:00" testType="13cdc9d9-ddb5-4fa4-a97d-d965ccfc6d4b" outcome="Passed" testListId="8c84fa94-04c1-424b-9868-57a2d4851a1d" relativeResultsDirectory="057af9d0-04cf-4218-b97e-9ed9f47bab2e" />
    <UnitTestResult executionId="f51e37b7-54f0-4d74-85aa-b742ffbc142d" testId="3c434b0d-87bd-40c0-b5d1-b8c5ea8bc9a6" testName="EzBus.Core.Test.Config.EzBusConfigTest.First_destination_should_be_acme_input" computerName="ZAPOTE04" duration="00:00:00.0010000" startTime="2017-05-23T23:20:01.6261498+02:00" endTime="2017-05-23T23:20:01.6261498+02:00" testType="13cdc9d9-ddb5-4fa4-a97d-d965ccfc6d4b" outcome="Passed" testListId="8c84fa94-04c1-424b-9868-57a2d4851a1d" relativeResultsDirectory="f51e37b7-54f0-4d74-85aa-b742ffbc142d" />
    <UnitTestResult executionId="c944bd24-c49a-497a-a049-520aefe3c401" testId="f714ebce-f022-400a-8e0b-74354d56df19" testName="EzBus.Core.Test.Routing.ConfigurableMessageRoutingTest.Correct_route_should_be_resolved_when_only_namespace_configured" computerName="ZAPOTE04" duration="00:00:00.1490000" startTime="2017-05-23T23:20:01.6261498+02:00" endTime="2017-05-23T23:20:01.6261498+02:00" testType="13cdc9d9-ddb5-4fa4-a97d-d965ccfc6d4b" outcome="Passed" testListId="8c84fa94-04c1-424b-9868-57a2d4851a1d" relativeResultsDirectory="c944bd24-c49a-497a-a049-520aefe3c401" />
    <UnitTestResult executionId="2614b9ae-e8eb-47be-aa0c-f6588e5e629f" testId="f63c5a65-3934-41ca-89f3-37371c4b68f3" testName="EzBus.Core.Test.Config.EzBusConfigTest.First_subscription_should_be_globex_endpoint" computerName="ZAPOTE04" duration="00:00:00.0010000" startTime="2017-05-23T23:20:01.6261498+02:00" endTime="2017-05-23T23:20:01.6261498+02:00" testType="13cdc9d9-ddb5-4fa4-a97d-d965ccfc6d4b" outcome="Passed" testListId="8c84fa94-04c1-424b-9868-57a2d4851a1d" relativeResultsDirectory="2614b9ae-e8eb-47be-aa0c-f6588e5e629f" />
    <UnitTestResult executionId="5f26df8a-18e2-4176-82ab-ff6c07805556" testId="49c74060-2128-447c-9198-e876436bbca7" testName="EzBus.Core.Test.Routing.ConfigurableMessageRoutingTest.Correct_route_should_be_resolved_when_namespace_and_message_type_configured" computerName="ZAPOTE04" duration="00:00:00.0010000" startTime="2017-05-23T23:20:01.6261498+02:00" endTime="2017-05-23T23:20:01.6261498+02:00" testType="13cdc9d9-ddb5-4fa4-a97d-d965ccfc6d4b" outcome="Passed" testListId="8c84fa94-04c1-424b-9868-57a2d4851a1d" relativeResultsDirectory="5f26df8a-18e2-4176-82ab-ff6c07805556" />
    <UnitTestResult executionId="7ab80d32-a2f0-4e53-8178-198177bd732f" testId="40f0f4ff-941a-4a2e-99f5-8c9a60313918" testName="EzBus.Core.Test.Config.EzBusConfigTest.EndpointName_should_be_EzBus_Endpoint" computerName="ZAPOTE04" duration="00:00:00.0010000" startTime="2017-05-23T23:20:01.6261498+02:00" endTime="2017-05-23T23:20:01.6261498+02:00" testType="13cdc9d9-ddb5-4fa4-a97d-d965ccfc6d4b" outcome="Passed" testListId="8c84fa94-04c1-424b-9868-57a2d4851a1d" relativeResultsDirectory="7ab80d32-a2f0-4e53-8178-198177bd732f" />
    <UnitTestResult executionId="cba00732-6eb5-4d6d-87aa-f7332338d66a" testId="4d7269e0-0f3e-495a-ba99-b7b0d661a081" testName="EzBus.Core.Test.Routing.ConfigurableMessageRoutingTest.DestinationMissingException_should_be_thrown_when_missing_route" computerName="ZAPOTE04" duration="00:00:00.0050000" startTime="2017-05-23T23:20:01.6261498+02:00" endTime="2017-05-23T23:20:01.6261498+02:00" testType="13cdc9d9-ddb5-4fa4-a97d-d965ccfc6d4b" outcome="Passed" testListId="8c84fa94-04c1-424b-9868-57a2d4851a1d" relativeResultsDirectory="cba00732-6eb5-4d6d-87aa-f7332338d66a" />
  </Results>
  <TestDefinitions>
    <UnitTest name="EzBus.AcceptanceTest.When_host_starts.All_startup_tasks_shall_have_run" storage="c:\development\git\ezbus\build\output\ezbus\ezbus.acceptancetest.dll" id="13478cc5-27ad-40fb-9f88-b610ef0339bd">
      <Execution id="6c729fd2-4a50-4b90-8926-7b1064b1847f" />
      <TestMethod codeBase="C:\Development\git\ezbus\build\output\EzBus\EzBus.AcceptanceTest.dll" executorUriOfAdapter="executor://xunit/VsTestRunner2" className="EzBus.AcceptanceTest.When_host_starts" name="EzBus.AcceptanceTest.When_host_starts.All_startup_tasks_shall_have_run" />
    </UnitTest>
    <UnitTest name="EzBus.AcceptanceTest.When_message_is_received.Message_is_handled" storage="c:\development\git\ezbus\build\output\ezbus\ezbus.acceptancetest.dll" id="34d938b2-9406-4734-9205-c4f3d9841562">
      <Execution id="c6240100-5114-4b48-959d-8360812ae406" />
      <TestMethod codeBase="C:\Development\git\ezbus\build\output\EzBus\EzBus.AcceptanceTest.dll" executorUriOfAdapter="executor://xunit/VsTestRunner2" className="EzBus.AcceptanceTest.When_message_is_received" name="EzBus.AcceptanceTest.When_message_is_received.Message_is_handled" />
    </UnitTest>
    <UnitTest name="EzBus.AcceptanceTest.When_message_is_received_and_exception_is_thrown.Message_should_be_retried_five_times" storage="c:\development\git\ezbus\build\output\ezbus\ezbus.acceptancetest.dll" id="fded30ff-8439-4287-be55-cb5f2bd13212">
      <Execution id="ce3ad864-c411-4873-bc4f-26023cc9c75c" />
      <TestMethod codeBase="C:\Development\git\ezbus\build\output\EzBus\EzBus.AcceptanceTest.dll" executorUriOfAdapter="executor://xunit/VsTestRunner2" className="EzBus.AcceptanceTest.When_message_is_received_and_exception_is_thrown" name="EzBus.AcceptanceTest.When_message_is_received_and_exception_is_thrown.Message_should_be_retried_five_times" />
    </UnitTest>
    <UnitTest name="EzBus.AcceptanceTest.When_message_is_received_and_exception_is_thrown.Message_should_be_placed_on_error_queue" storage="c:\development\git\ezbus\build\output\ezbus\ezbus.acceptancetest.dll" id="e6bdc259-b978-4e45-8b8f-c9ef6e5cce49">
      <Execution id="8f930023-c819-48a3-86a0-bb1e6e133ab3" />
      <TestMethod codeBase="C:\Development\git\ezbus\build\output\EzBus\EzBus.AcceptanceTest.dll" executorUriOfAdapter="executor://xunit/VsTestRunner2" className="EzBus.AcceptanceTest.When_message_is_received_and_exception_is_thrown" name="EzBus.AcceptanceTest.When_message_is_received_and_exception_is_thrown.Message_should_be_placed_on_error_queue" />
    </UnitTest>
    <UnitTest name="EzBus.AcceptanceTest.When_message_is_sent.Then_the_message_should_end_up_in_correct_destination" storage="c:\development\git\ezbus\build\output\ezbus\ezbus.acceptancetest.dll" id="54773229-ddd6-4dcd-a368-7e95f7577ffa">
      <Execution id="bd33312b-8ae5-4d7a-a344-184aa0dd78ba" />
      <TestMethod codeBase="C:\Development\git\ezbus\build\output\EzBus\EzBus.AcceptanceTest.dll" executorUriOfAdapter="executor://xunit/VsTestRunner2" className="EzBus.AcceptanceTest.When_message_is_sent" name="EzBus.AcceptanceTest.When_message_is_sent.Then_the_message_should_end_up_in_correct_destination" />
    </UnitTest>
    <UnitTest name="EzBus.Core.Test.Utils.AssemblyScannerTest.Scanner_should_find_all_handlers_types" storage="c:\development\git\ezbus\build\output\ezbus\ezbus.core.test.dll" id="1cde7bb9-8dbd-4da5-b827-6132ebcedc50">
      <Execution id="baf1e205-9ce0-4d06-b02c-ff8b604654b3" />
      <TestMethod codeBase="C:\Development\git\ezbus\build\output\EzBus\EzBus.Core.Test.dll" executorUriOfAdapter="executor://xunit/VsTestRunner2" className="EzBus.Core.Test.Utils.AssemblyScannerTest" name="EzBus.Core.Test.Utils.AssemblyScannerTest.Scanner_should_find_all_handlers_types" />
    </UnitTest>
    <UnitTest name="EzBus.Core.Test.Resolvers.LoggerFactoryResolverTest.LoggerFactory_should_be_TraceLoggerFactory" storage="c:\development\git\ezbus\build\output\ezbus\ezbus.core.test.dll" id="06174c72-fdd2-4a38-9ac5-6a2f343e7314">
      <Execution id="97564440-6f52-4ddb-82e4-e3ecef7b3b26" />
      <TestMethod codeBase="C:\Development\git\ezbus\build\output\EzBus\EzBus.Core.Test.dll" executorUriOfAdapter="executor://xunit/VsTestRunner2" className="EzBus.Core.Test.Resolvers.LoggerFactoryResolverTest" name="EzBus.Core.Test.Resolvers.LoggerFactoryResolverTest.LoggerFactory_should_be_TraceLoggerFactory" />
    </UnitTest>
    <UnitTest name="EzBus.Core.Test.Utils.AssemblyScannerTest.Scanner_should_find_all_IReceivingChannel_types" storage="c:\development\git\ezbus\build\output\ezbus\ezbus.core.test.dll" id="be9fd77d-6d8c-4618-a5aa-8623b8502ab0">
      <Execution id="3483cb70-369c-4714-a5be-4bbe3cd7cf07" />
      <TestMethod codeBase="C:\Development\git\ezbus\build\output\EzBus\EzBus.Core.Test.dll" executorUriOfAdapter="executor://xunit/VsTestRunner2" className="EzBus.Core.Test.Utils.AssemblyScannerTest" name="EzBus.Core.Test.Utils.AssemblyScannerTest.Scanner_should_find_all_IReceivingChannel_types" />
    </UnitTest>
    <UnitTest name="EzBus.Core.Test.Serializers.XmlSerializationTest.ComplexTypeIsSerializedCorrect" storage="c:\development\git\ezbus\build\output\ezbus\ezbus.core.test.dll" id="2ab609cc-87ec-4925-bdc3-3e8d47e00ba7">
      <Execution id="aaae66e0-f5d5-46f2-a2f9-150113561436" />
      <TestMethod codeBase="C:\Development\git\ezbus\build\output\EzBus\EzBus.Core.Test.dll" executorUriOfAdapter="executor://xunit/VsTestRunner2" className="EzBus.Core.Test.Serializers.XmlSerializationTest" name="EzBus.Core.Test.Serializers.XmlSerializationTest.ComplexTypeIsSerializedCorrect" />
    </UnitTest>
    <UnitTest name="EzBus.Core.Test.Serializers.XmlSerializationTest.DateTimeIsSerializedCorrect" storage="c:\development\git\ezbus\build\output\ezbus\ezbus.core.test.dll" id="bf2f4afa-dbbe-4717-823c-6cedcb15bf46">
      <Execution id="997a6911-a2c4-44cb-9d5f-9966adba3c22" />
      <TestMethod codeBase="C:\Development\git\ezbus\build\output\EzBus\EzBus.Core.Test.dll" executorUriOfAdapter="executor://xunit/VsTestRunner2" className="EzBus.Core.Test.Serializers.XmlSerializationTest" name="EzBus.Core.Test.Serializers.XmlSerializationTest.DateTimeIsSerializedCorrect" />
    </UnitTest>
    <UnitTest name="EzBus.Core.Test.Serializers.XmlSerializationTest.Collection_is_serialized_correct" storage="c:\development\git\ezbus\build\output\ezbus\ezbus.core.test.dll" id="99c7a491-d83f-448a-a983-adc7bd9bcb7c">
      <Execution id="89f3410b-d7b0-4a02-857b-8a8104267d1d" />
      <TestMethod codeBase="C:\Development\git\ezbus\build\output\EzBus\EzBus.Core.Test.dll" executorUriOfAdapter="executor://xunit/VsTestRunner2" className="EzBus.Core.Test.Serializers.XmlSerializationTest" name="EzBus.Core.Test.Serializers.XmlSerializationTest.Collection_is_serialized_correct" />
    </UnitTest>
    <UnitTest name="EzBus.Core.Test.Serializers.XmlSerializationTest.Message_with_collection_is_serialized_correct" storage="c:\development\git\ezbus\build\output\ezbus\ezbus.core.test.dll" id="7bbe4b90-a2a1-4e6a-9c85-f7cafca079f1">
      <Execution id="a71b6373-911e-448c-8e86-b940bdb74f49" />
      <TestMethod codeBase="C:\Development\git\ezbus\build\output\EzBus\EzBus.Core.Test.dll" executorUriOfAdapter="executor://xunit/VsTestRunner2" className="EzBus.Core.Test.Serializers.XmlSerializationTest" name="EzBus.Core.Test.Serializers.XmlSerializationTest.Message_with_collection_is_serialized_correct" />
    </UnitTest>
    <UnitTest name="EzBus.Core.Test.Serializers.XmlSerializationTest.DecimalIsSerializedCorrect" storage="c:\development\git\ezbus\build\output\ezbus\ezbus.core.test.dll" id="ad66a76d-6d84-46f5-83ca-c6ff65e6079c">
      <Execution id="b7b4c700-1c6f-4c10-9784-604c54f5fffd" />
      <TestMethod codeBase="C:\Development\git\ezbus\build\output\EzBus\EzBus.Core.Test.dll" executorUriOfAdapter="executor://xunit/VsTestRunner2" className="EzBus.Core.Test.Serializers.XmlSerializationTest" name="EzBus.Core.Test.Serializers.XmlSerializationTest.DecimalIsSerializedCorrect" />
    </UnitTest>
    <UnitTest name="EzBus.Core.Test.Serializers.XmlDeserializationTest.Message_should_be_created" storage="c:\development\git\ezbus\build\output\ezbus\ezbus.core.test.dll" id="123c20d3-28d2-4bee-916f-30db4668f138">
      <Execution id="8f197533-0ea0-4e70-8ed4-ac428806d628" />
      <TestMethod codeBase="C:\Development\git\ezbus\build\output\EzBus\EzBus.Core.Test.dll" executorUriOfAdapter="executor://xunit/VsTestRunner2" className="EzBus.Core.Test.Serializers.XmlDeserializationTest" name="EzBus.Core.Test.Serializers.XmlDeserializationTest.Message_should_be_created" />
    </UnitTest>
    <UnitTest name="EzBus.Core.Test.Serializers.XmlDeserializationTest.Collection_should_be_set" storage="c:\development\git\ezbus\build\output\ezbus\ezbus.core.test.dll" id="4f22dac6-86f2-4ebb-ac8c-4cb3e70e51bd">
      <Execution id="de53e11d-d4bf-4977-b004-702c167d48e6" />
      <TestMethod codeBase="C:\Development\git\ezbus\build\output\EzBus\EzBus.Core.Test.dll" executorUriOfAdapter="executor://xunit/VsTestRunner2" className="EzBus.Core.Test.Serializers.XmlDeserializationTest" name="EzBus.Core.Test.Serializers.XmlDeserializationTest.Collection_should_be_set" />
    </UnitTest>
    <UnitTest name="EzBus.Core.Test.Serializers.XmlDeserializationTest.IntValue_should_be_set" storage="c:\development\git\ezbus\build\output\ezbus\ezbus.core.test.dll" id="5954ec38-6a3e-4eb3-8e62-a44528536f1f">
      <Execution id="f95be497-7e7c-4457-b69d-3ed123d726e3" />
      <TestMethod codeBase="C:\Development\git\ezbus\build\output\EzBus\EzBus.Core.Test.dll" executorUriOfAdapter="executor://xunit/VsTestRunner2" className="EzBus.Core.Test.Serializers.XmlDeserializationTest" name="EzBus.Core.Test.Serializers.XmlDeserializationTest.IntValue_should_be_set" />
    </UnitTest>
    <UnitTest name="EzBus.Core.Test.Serializers.XmlDeserializationTest.StringValue_should_be_set" storage="c:\development\git\ezbus\build\output\ezbus\ezbus.core.test.dll" id="48016af1-9be2-4fae-bb56-4d0301a03435">
      <Execution id="c8c1c52f-ca54-402a-acf7-043486c75e2d" />
      <TestMethod codeBase="C:\Development\git\ezbus\build\output\EzBus\EzBus.Core.Test.dll" executorUriOfAdapter="executor://xunit/VsTestRunner2" className="EzBus.Core.Test.Serializers.XmlDeserializationTest" name="EzBus.Core.Test.Serializers.XmlDeserializationTest.StringValue_should_be_set" />
    </UnitTest>
    <UnitTest name="EzBus.Core.Test.Serializers.XmlDeserializationTest.NullableIntValue_should_be_set" storage="c:\development\git\ezbus\build\output\ezbus\ezbus.core.test.dll" id="e993bb50-e28d-453e-bfb5-738240999ee2">
      <Execution id="d64abf35-bec3-4776-8dc2-45b77aab2747" />
      <TestMethod codeBase="C:\Development\git\ezbus\build\output\EzBus\EzBus.Core.Test.dll" executorUriOfAdapter="executor://xunit/VsTestRunner2" className="EzBus.Core.Test.Serializers.XmlDeserializationTest" name="EzBus.Core.Test.Serializers.XmlDeserializationTest.NullableIntValue_should_be_set" />
    </UnitTest>
    <UnitTest name="EzBus.Core.Test.Serializers.XmlSerializationTest.StringIsSerializedCorrect" storage="c:\development\git\ezbus\build\output\ezbus\ezbus.core.test.dll" id="0045527a-b163-45e6-8f89-73c076fe237d">
      <Execution id="fa938c96-f199-4a5b-a12a-1a560119ccc1" />
      <TestMethod codeBase="C:\Development\git\ezbus\build\output\EzBus\EzBus.Core.Test.dll" executorUriOfAdapter="executor://xunit/VsTestRunner2" className="EzBus.Core.Test.Serializers.XmlSerializationTest" name="EzBus.Core.Test.Serializers.XmlSerializationTest.StringIsSerializedCorrect" />
    </UnitTest>
    <UnitTest name="EzBus.Core.Test.ObjectFactory.LightInjectObjectFactoryTest.Gets_different_objects_within_scope_when_registered_unique" storage="c:\development\git\ezbus\build\output\ezbus\ezbus.core.test.dll" id="5946c212-be4b-485c-9289-c68ed2cf4ba3">
      <Execution id="e4a4f5d5-0298-4996-8f91-27f3f31aaff3" />
      <TestMethod codeBase="C:\Development\git\ezbus\build\output\EzBus\EzBus.Core.Test.dll" executorUriOfAdapter="executor://xunit/VsTestRunner2" className="EzBus.Core.Test.ObjectFactory.LightInjectObjectFactoryTest" name="EzBus.Core.Test.ObjectFactory.LightInjectObjectFactoryTest.Gets_different_objects_within_scope_when_registered_unique" />
    </UnitTest>
    <UnitTest name="EzBus.Core.Test.ObjectFactory.LightInjectObjectFactoryTest.Gets_same_object_within_scope" storage="c:\development\git\ezbus\build\output\ezbus\ezbus.core.test.dll" id="c0ef9d5e-3c02-4a55-8d46-1cad95491493">
      <Execution id="9389c802-5a39-4051-a29a-70fad0545be3" />
      <TestMethod codeBase="C:\Development\git\ezbus\build\output\EzBus\EzBus.Core.Test.dll" executorUriOfAdapter="executor://xunit/VsTestRunner2" className="EzBus.Core.Test.ObjectFactory.LightInjectObjectFactoryTest" name="EzBus.Core.Test.ObjectFactory.LightInjectObjectFactoryTest.Gets_same_object_within_scope" />
    </UnitTest>
    <UnitTest name="EzBus.Core.Test.HandlerCacheTest.Null_is_returned_when_no_handlerinfo_exists" storage="c:\development\git\ezbus\build\output\ezbus\ezbus.core.test.dll" id="71036106-fafc-4b61-be59-5436c2b506be">
      <Execution id="6374c421-83c7-47ff-bef7-83cfecfc8481" />
      <TestMethod codeBase="C:\Development\git\ezbus\build\output\EzBus\EzBus.Core.Test.dll" executorUriOfAdapter="executor://xunit/VsTestRunner2" className="EzBus.Core.Test.HandlerCacheTest" name="EzBus.Core.Test.HandlerCacheTest.Null_is_returned_when_no_handlerinfo_exists" />
    </UnitTest>
    <UnitTest name="EzBus.Core.Test.HandlerCacheTest.Handler_info_is_returned_when_using_full_name" storage="c:\development\git\ezbus\build\output\ezbus\ezbus.core.test.dll" id="6a4c805e-eafc-426f-b05d-6b3a447135e4">
      <Execution id="47ae9029-afe9-4836-a8ad-ebb6b7f85fec" />
      <TestMethod codeBase="C:\Development\git\ezbus\build\output\EzBus\EzBus.Core.Test.dll" executorUriOfAdapter="executor://xunit/VsTestRunner2" className="EzBus.Core.Test.HandlerCacheTest" name="EzBus.Core.Test.HandlerCacheTest.Handler_info_is_returned_when_using_full_name" />
    </UnitTest>
    <UnitTest name="EzBus.Core.Test.HandlerCacheTest.Handler_info_is_returned_when_using_only_class_name" storage="c:\development\git\ezbus\build\output\ezbus\ezbus.core.test.dll" id="61f3c0b4-9f89-4111-a2c7-c4548c435516">
      <Execution id="840b21e6-c6ca-48ed-8b86-136f37fff389" />
      <TestMethod codeBase="C:\Development\git\ezbus\build\output\EzBus\EzBus.Core.Test.dll" executorUriOfAdapter="executor://xunit/VsTestRunner2" className="EzBus.Core.Test.HandlerCacheTest" name="EzBus.Core.Test.HandlerCacheTest.Handler_info_is_returned_when_using_only_class_name" />
    </UnitTest>
    <UnitTest name="EzBus.Core.Test.Utils.TypeExtensionsTest.GetAssemblyName_returns_name_of_the_assembly" storage="c:\development\git\ezbus\build\output\ezbus\ezbus.core.test.dll" id="5d5b6939-d3ca-4684-9435-d64d77cce9a1">
      <Execution id="0d5c9e5f-87c9-40c8-9a72-2ef73ad56849" />
      <TestMethod codeBase="C:\Development\git\ezbus\build\output\EzBus\EzBus.Core.Test.dll" executorUriOfAdapter="executor://xunit/VsTestRunner2" className="EzBus.Core.Test.Utils.TypeExtensionsTest" name="EzBus.Core.Test.Utils.TypeExtensionsTest.GetAssemblyName_returns_name_of_the_assembly" />
    </UnitTest>
    <UnitTest name="EzBus.Core.Test.Utils.TypeExtensionsTest.IsLocal_returns_true_when_type_from_EzBus_Core" storage="c:\development\git\ezbus\build\output\ezbus\ezbus.core.test.dll" id="396b6b87-257d-4c87-aadd-9ddf2a29f6a2">
      <Execution id="c67c8e74-c417-4841-a95e-89e8ff86e39b" />
      <TestMethod codeBase="C:\Development\git\ezbus\build\output\EzBus\EzBus.Core.Test.dll" executorUriOfAdapter="executor://xunit/VsTestRunner2" className="EzBus.Core.Test.Utils.TypeExtensionsTest" name="EzBus.Core.Test.Utils.TypeExtensionsTest.IsLocal_returns_true_when_type_from_EzBus_Core" />
    </UnitTest>
    <UnitTest name="EzBus.Core.Test.Logging.TraceLoggerTest.Nothing_should_be_enabled_when_level_is_off" storage="c:\development\git\ezbus\build\output\ezbus\ezbus.core.test.dll" id="0cf0cf36-6657-4c42-b486-4852f6d4a800">
      <Execution id="73303247-3d30-4f71-86dd-ee441acdfc75" />
      <TestMethod codeBase="C:\Development\git\ezbus\build\output\EzBus\EzBus.Core.Test.dll" executorUriOfAdapter="executor://xunit/VsTestRunner2" className="EzBus.Core.Test.Logging.TraceLoggerTest" name="EzBus.Core.Test.Logging.TraceLoggerTest.Nothing_should_be_enabled_when_level_is_off" />
    </UnitTest>
    <UnitTest name="EzBus.Core.Test.Logging.TraceLoggerTest.Error_should_be_enabled_when_level_is_info" storage="c:\development\git\ezbus\build\output\ezbus\ezbus.core.test.dll" id="9a6c8d18-93d4-4c6f-bc6e-f7ccc728281f">
      <Execution id="f11b9be1-3e77-4fb6-a15f-85a7ee7b6dac" />
      <TestMethod codeBase="C:\Development\git\ezbus\build\output\EzBus\EzBus.Core.Test.dll" executorUriOfAdapter="executor://xunit/VsTestRunner2" className="EzBus.Core.Test.Logging.TraceLoggerTest" name="EzBus.Core.Test.Logging.TraceLoggerTest.Error_should_be_enabled_when_level_is_info" />
    </UnitTest>
    <UnitTest name="EzBus.Core.Test.Logging.TraceLoggerTest.Debug_should_not_be_enabled_when_level_is_info" storage="c:\development\git\ezbus\build\output\ezbus\ezbus.core.test.dll" id="a04f3f30-0a5a-4c3a-89c8-436ec249cdd2">
      <Execution id="1e6f6c6c-71b4-4406-b4c7-1c5b37bf7d79" />
      <TestMethod codeBase="C:\Development\git\ezbus\build\output\EzBus\EzBus.Core.Test.dll" executorUriOfAdapter="executor://xunit/VsTestRunner2" className="EzBus.Core.Test.Logging.TraceLoggerTest" name="EzBus.Core.Test.Logging.TraceLoggerTest.Debug_should_not_be_enabled_when_level_is_info" />
    </UnitTest>
    <UnitTest name="EzBus.Core.Test.Config.EzBusConfigTest.Second_subscription_should_be_acme_endpoint" storage="c:\development\git\ezbus\build\output\ezbus\ezbus.core.test.dll" id="6faffbf9-d5c2-4b9c-8340-cd4e8fbb51bb">
      <Execution id="89ecd484-297b-41ef-bfe0-24890e004aae" />
      <TestMethod codeBase="C:\Development\git\ezbus\build\output\EzBus\EzBus.Core.Test.dll" executorUriOfAdapter="executor://xunit/VsTestRunner2" className="EzBus.Core.Test.Config.EzBusConfigTest" name="EzBus.Core.Test.Config.EzBusConfigTest.Second_subscription_should_be_acme_endpoint" />
    </UnitTest>
    <UnitTest name="EzBus.Core.Test.Config.EzBusConfigTest.Second_destination_should_be_globex_input" storage="c:\development\git\ezbus\build\output\ezbus\ezbus.core.test.dll" id="9d08cf60-657a-411e-92d9-2941d4dca3d8">
      <Execution id="057af9d0-04cf-4218-b97e-9ed9f47bab2e" />
      <TestMethod codeBase="C:\Development\git\ezbus\build\output\EzBus\EzBus.Core.Test.dll" executorUriOfAdapter="executor://xunit/VsTestRunner2" className="EzBus.Core.Test.Config.EzBusConfigTest" name="EzBus.Core.Test.Config.EzBusConfigTest.Second_destination_should_be_globex_input" />
    </UnitTest>
    <UnitTest name="EzBus.Core.Test.Config.EzBusConfigTest.First_destination_should_be_acme_input" storage="c:\development\git\ezbus\build\output\ezbus\ezbus.core.test.dll" id="3c434b0d-87bd-40c0-b5d1-b8c5ea8bc9a6">
      <Execution id="f51e37b7-54f0-4d74-85aa-b742ffbc142d" />
      <TestMethod codeBase="C:\Development\git\ezbus\build\output\EzBus\EzBus.Core.Test.dll" executorUriOfAdapter="executor://xunit/VsTestRunner2" className="EzBus.Core.Test.Config.EzBusConfigTest" name="EzBus.Core.Test.Config.EzBusConfigTest.First_destination_should_be_acme_input" />
    </UnitTest>
    <UnitTest name="EzBus.Core.Test.Routing.ConfigurableMessageRoutingTest.Correct_route_should_be_resolved_when_only_namespace_configured" storage="c:\development\git\ezbus\build\output\ezbus\ezbus.core.test.dll" id="f714ebce-f022-400a-8e0b-74354d56df19">
      <Execution id="c944bd24-c49a-497a-a049-520aefe3c401" />
      <TestMethod codeBase="C:\Development\git\ezbus\build\output\EzBus\EzBus.Core.Test.dll" executorUriOfAdapter="executor://xunit/VsTestRunner2" className="EzBus.Core.Test.Routing.ConfigurableMessageRoutingTest" name="EzBus.Core.Test.Routing.ConfigurableMessageRoutingTest.Correct_route_should_be_resolved_when_only_namespace_configured" />
    </UnitTest>
    <UnitTest name="EzBus.Core.Test.Config.EzBusConfigTest.First_subscription_should_be_globex_endpoint" storage="c:\development\git\ezbus\build\output\ezbus\ezbus.core.test.dll" id="f63c5a65-3934-41ca-89f3-37371c4b68f3">
      <Execution id="2614b9ae-e8eb-47be-aa0c-f6588e5e629f" />
      <TestMethod codeBase="C:\Development\git\ezbus\build\output\EzBus\EzBus.Core.Test.dll" executorUriOfAdapter="executor://xunit/VsTestRunner2" className="EzBus.Core.Test.Config.EzBusConfigTest" name="EzBus.Core.Test.Config.EzBusConfigTest.First_subscription_should_be_globex_endpoint" />
    </UnitTest>
    <UnitTest name="EzBus.Core.Test.Routing.ConfigurableMessageRoutingTest.Correct_route_should_be_resolved_when_namespace_and_message_type_configured" storage="c:\development\git\ezbus\build\output\ezbus\ezbus.core.test.dll" id="49c74060-2128-447c-9198-e876436bbca7">
      <Execution id="5f26df8a-18e2-4176-82ab-ff6c07805556" />
      <TestMethod codeBase="C:\Development\git\ezbus\build\output\EzBus\EzBus.Core.Test.dll" executorUriOfAdapter="executor://xunit/VsTestRunner2" className="EzBus.Core.Test.Routing.ConfigurableMessageRoutingTest" name="EzBus.Core.Test.Routing.ConfigurableMessageRoutingTest.Correct_route_should_be_resolved_when_namespace_and_message_type_configured" />
    </UnitTest>
    <UnitTest name="EzBus.Core.Test.Config.EzBusConfigTest.EndpointName_should_be_EzBus_Endpoint" storage="c:\development\git\ezbus\build\output\ezbus\ezbus.core.test.dll" id="40f0f4ff-941a-4a2e-99f5-8c9a60313918">
      <Execution id="7ab80d32-a2f0-4e53-8178-198177bd732f" />
      <TestMethod codeBase="C:\Development\git\ezbus\build\output\EzBus\EzBus.Core.Test.dll" executorUriOfAdapter="executor://xunit/VsTestRunner2" className="EzBus.Core.Test.Config.EzBusConfigTest" name="EzBus.Core.Test.Config.EzBusConfigTest.EndpointName_should_be_EzBus_Endpoint" />
    </UnitTest>
    <UnitTest name="EzBus.Core.Test.Routing.ConfigurableMessageRoutingTest.DestinationMissingException_should_be_thrown_when_missing_route" storage="c:\development\git\ezbus\build\output\ezbus\ezbus.core.test.dll" id="4d7269e0-0f3e-495a-ba99-b7b0d661a081">
      <Execution id="cba00732-6eb5-4d6d-87aa-f7332338d66a" />
      <TestMethod codeBase="C:\Development\git\ezbus\build\output\EzBus\EzBus.Core.Test.dll" executorUriOfAdapter="executor://xunit/VsTestRunner2" className="EzBus.Core.Test.Routing.ConfigurableMessageRoutingTest" name="EzBus.Core.Test.Routing.ConfigurableMessageRoutingTest.DestinationMissingException_should_be_thrown_when_missing_route" />
    </UnitTest>
  </TestDefinitions>
  <TestEntries>
    <TestEntry testId="13478cc5-27ad-40fb-9f88-b610ef0339bd" executionId="6c729fd2-4a50-4b90-8926-7b1064b1847f" testListId="8c84fa94-04c1-424b-9868-57a2d4851a1d" />
    <TestEntry testId="34d938b2-9406-4734-9205-c4f3d9841562" executionId="c6240100-5114-4b48-959d-8360812ae406" testListId="8c84fa94-04c1-424b-9868-57a2d4851a1d" />
    <TestEntry testId="fded30ff-8439-4287-be55-cb5f2bd13212" executionId="ce3ad864-c411-4873-bc4f-26023cc9c75c" testListId="8c84fa94-04c1-424b-9868-57a2d4851a1d" />
    <TestEntry testId="e6bdc259-b978-4e45-8b8f-c9ef6e5cce49" executionId="8f930023-c819-48a3-86a0-bb1e6e133ab3" testListId="8c84fa94-04c1-424b-9868-57a2d4851a1d" />
    <TestEntry testId="54773229-ddd6-4dcd-a368-7e95f7577ffa" executionId="bd33312b-8ae5-4d7a-a344-184aa0dd78ba" testListId="8c84fa94-04c1-424b-9868-57a2d4851a1d" />
    <TestEntry testId="1cde7bb9-8dbd-4da5-b827-6132ebcedc50" executionId="baf1e205-9ce0-4d06-b02c-ff8b604654b3" testListId="8c84fa94-04c1-424b-9868-57a2d4851a1d" />
    <TestEntry testId="06174c72-fdd2-4a38-9ac5-6a2f343e7314" executionId="97564440-6f52-4ddb-82e4-e3ecef7b3b26" testListId="8c84fa94-04c1-424b-9868-57a2d4851a1d" />
    <TestEntry testId="be9fd77d-6d8c-4618-a5aa-8623b8502ab0" executionId="3483cb70-369c-4714-a5be-4bbe3cd7cf07" testListId="8c84fa94-04c1-424b-9868-57a2d4851a1d" />
    <TestEntry testId="2ab609cc-87ec-4925-bdc3-3e8d47e00ba7" executionId="aaae66e0-f5d5-46f2-a2f9-150113561436" testListId="8c84fa94-04c1-424b-9868-57a2d4851a1d" />
    <TestEntry testId="bf2f4afa-dbbe-4717-823c-6cedcb15bf46" executionId="997a6911-a2c4-44cb-9d5f-9966adba3c22" testListId="8c84fa94-04c1-424b-9868-57a2d4851a1d" />
    <TestEntry testId="99c7a491-d83f-448a-a983-adc7bd9bcb7c" executionId="89f3410b-d7b0-4a02-857b-8a8104267d1d" testListId="8c84fa94-04c1-424b-9868-57a2d4851a1d" />
    <TestEntry testId="7bbe4b90-a2a1-4e6a-9c85-f7cafca079f1" executionId="a71b6373-911e-448c-8e86-b940bdb74f49" testListId="8c84fa94-04c1-424b-9868-57a2d4851a1d" />
    <TestEntry testId="ad66a76d-6d84-46f5-83ca-c6ff65e6079c" executionId="b7b4c700-1c6f-4c10-9784-604c54f5fffd" testListId="8c84fa94-04c1-424b-9868-57a2d4851a1d" />
    <TestEntry testId="123c20d3-28d2-4bee-916f-30db4668f138" executionId="8f197533-0ea0-4e70-8ed4-ac428806d628" testListId="8c84fa94-04c1-424b-9868-57a2d4851a1d" />
    <TestEntry testId="4f22dac6-86f2-4ebb-ac8c-4cb3e70e51bd" executionId="de53e11d-d4bf-4977-b004-702c167d48e6" testListId="8c84fa94-04c1-424b-9868-57a2d4851a1d" />
    <TestEntry testId="5954ec38-6a3e-4eb3-8e62-a44528536f1f" executionId="f95be497-7e7c-4457-b69d-3ed123d726e3" testListId="8c84fa94-04c1-424b-9868-57a2d4851a1d" />
    <TestEntry testId="48016af1-9be2-4fae-bb56-4d0301a03435" executionId="c8c1c52f-ca54-402a-acf7-043486c75e2d" testListId="8c84fa94-04c1-424b-9868-57a2d4851a1d" />
    <TestEntry testId="e993bb50-e28d-453e-bfb5-738240999ee2" executionId="d64abf35-bec3-4776-8dc2-45b77aab2747" testListId="8c84fa94-04c1-424b-9868-57a2d4851a1d" />
    <TestEntry testId="0045527a-b163-45e6-8f89-73c076fe237d" executionId="fa938c96-f199-4a5b-a12a-1a560119ccc1" testListId="8c84fa94-04c1-424b-9868-57a2d4851a1d" />
    <TestEntry testId="5946c212-be4b-485c-9289-c68ed2cf4ba3" executionId="e4a4f5d5-0298-4996-8f91-27f3f31aaff3" testListId="8c84fa94-04c1-424b-9868-57a2d4851a1d" />
    <TestEntry testId="c0ef9d5e-3c02-4a55-8d46-1cad95491493" executionId="9389c802-5a39-4051-a29a-70fad0545be3" testListId="8c84fa94-04c1-424b-9868-57a2d4851a1d" />
    <TestEntry testId="71036106-fafc-4b61-be59-5436c2b506be" executionId="6374c421-83c7-47ff-bef7-83cfecfc8481" testListId="8c84fa94-04c1-424b-9868-57a2d4851a1d" />
    <TestEntry testId="6a4c805e-eafc-426f-b05d-6b3a447135e4" executionId="47ae9029-afe9-4836-a8ad-ebb6b7f85fec" testListId="8c84fa94-04c1-424b-9868-57a2d4851a1d" />
    <TestEntry testId="61f3c0b4-9f89-4111-a2c7-c4548c435516" executionId="840b21e6-c6ca-48ed-8b86-136f37fff389" testListId="8c84fa94-04c1-424b-9868-57a2d4851a1d" />
    <TestEntry testId="5d5b6939-d3ca-4684-9435-d64d77cce9a1" executionId="0d5c9e5f-87c9-40c8-9a72-2ef73ad56849" testListId="8c84fa94-04c1-424b-9868-57a2d4851a1d" />
    <TestEntry testId="396b6b87-257d-4c87-aadd-9ddf2a29f6a2" executionId="c67c8e74-c417-4841-a95e-89e8ff86e39b" testListId="8c84fa94-04c1-424b-9868-57a2d4851a1d" />
    <TestEntry testId="0cf0cf36-6657-4c42-b486-4852f6d4a800" executionId="73303247-3d30-4f71-86dd-ee441acdfc75" testListId="8c84fa94-04c1-424b-9868-57a2d4851a1d" />
    <TestEntry testId="9a6c8d18-93d4-4c6f-bc6e-f7ccc728281f" executionId="f11b9be1-3e77-4fb6-a15f-85a7ee7b6dac" testListId="8c84fa94-04c1-424b-9868-57a2d4851a1d" />
    <TestEntry testId="a04f3f30-0a5a-4c3a-89c8-436ec249cdd2" executionId="1e6f6c6c-71b4-4406-b4c7-1c5b37bf7d79" testListId="8c84fa94-04c1-424b-9868-57a2d4851a1d" />
    <TestEntry testId="6faffbf9-d5c2-4b9c-8340-cd4e8fbb51bb" executionId="89ecd484-297b-41ef-bfe0-24890e004aae" testListId="8c84fa94-04c1-424b-9868-57a2d4851a1d" />
    <TestEntry testId="9d08cf60-657a-411e-92d9-2941d4dca3d8" executionId="057af9d0-04cf-4218-b97e-9ed9f47bab2e" testListId="8c84fa94-04c1-424b-9868-57a2d4851a1d" />
    <TestEntry testId="3c434b0d-87bd-40c0-b5d1-b8c5ea8bc9a6" executionId="f51e37b7-54f0-4d74-85aa-b742ffbc142d" testListId="8c84fa94-04c1-424b-9868-57a2d4851a1d" />
    <TestEntry testId="f714ebce-f022-400a-8e0b-74354d56df19" executionId="c944bd24-c49a-497a-a049-520aefe3c401" testListId="8c84fa94-04c1-424b-9868-57a2d4851a1d" />
    <TestEntry testId="f63c5a65-3934-41ca-89f3-37371c4b68f3" executionId="2614b9ae-e8eb-47be-aa0c-f6588e5e629f" testListId="8c84fa94-04c1-424b-9868-57a2d4851a1d" />
    <TestEntry testId="49c74060-2128-447c-9198-e876436bbca7" executionId="5f26df8a-18e2-4176-82ab-ff6c07805556" testListId="8c84fa94-04c1-424b-9868-57a2d4851a1d" />
    <TestEntry testId="40f0f4ff-941a-4a2e-99f5-8c9a60313918" executionId="7ab80d32-a2f0-4e53-8178-198177bd732f" testListId="8c84fa94-04c1-424b-9868-57a2d4851a1d" />
    <TestEntry testId="4d7269e0-0f3e-495a-ba99-b7b0d661a081" executionId="cba00732-6eb5-4d6d-87aa-f7332338d66a" testListId="8c84fa94-04c1-424b-9868-57a2d4851a1d" />
  </TestEntries>
  <TestLists>
    <TestList name="Results Not in a List" id="8c84fa94-04c1-424b-9868-57a2d4851a1d" />
    <TestList name="All Loaded Results" id="19431567-8539-422a-85d7-44ee4e166bda" />
  </TestLists>
  <ResultSummary outcome="Completed">
    <Counters total="37" executed="37" passed="37" failed="0" error="0" timeout="0" aborted="0" inconclusive="0" passedButRunAborted="0" notRunnable="0" notExecuted="0" disconnected="0" warning="0" completed="0" inProgress="0" pending="0" />
    <Output>
      <StdOut>[xUnit.net 00:00:00.5286402]   Discovering: EzBus.AcceptanceTest[xUnit.net 00:00:00.6543780]   Discovered:  EzBus.AcceptanceTest[xUnit.net 00:00:00.7103488]   Starting:    EzBus.AcceptanceTest[xUnit.net 00:00:00.9598438]   Finished:    EzBus.AcceptanceTest[xUnit.net 00:00:00.5008221]   Discovering: EzBus.Core.Test[xUnit.net 00:00:00.6399075]   Discovered:  EzBus.Core.Test[xUnit.net 00:00:00.7006999]   Starting:    EzBus.Core.Test[xUnit.net 00:00:01.0113802]   Finished:    EzBus.Core.Test</StdOut>
    </Output>
  </ResultSummary>
</TestRun>