<?xml version="1.0" encoding="UTF-8"?>
<TestRun id="75d0a3a0-f677-49f9-9ecf-db1e59696363" name="erik@ZAPOTE04 2017-05-23 23:21:34" runUser="ZAPOTE04\erik" xmlns="http://microsoft.com/schemas/VisualStudio/TeamTest/2010">
  <Times creation="2017-05-23T23:21:34.6751499+02:00" queuing="2017-05-23T23:21:34.6751499+02:00" start="2017-05-23T23:21:32.1811490+02:00" finish="2017-05-23T23:21:36.9991506+02:00" />
  <TestSettings name="default" id="81a2f6f3-44fa-4cce-a270-99b6e629b04e">
    <Deployment runDeploymentRoot="erik_ZAPOTE04 2017-05-23 23_21_34" />
  </TestSettings>
  <Results>
    <UnitTestResult executionId="efc15fb9-bafd-412c-9629-dd3711520c40" testId="45e59880-8f7a-4a38-b8dc-813e90e6bf78" testName="EzBus.AcceptanceTest.When_message_is_sent.Then_the_message_should_end_up_in_correct_destination" computerName="ZAPOTE04" duration="00:00:00.1480000" startTime="2017-05-23T23:21:34.6781504+02:00" endTime="2017-05-23T23:21:34.6781504+02:00" testType="13cdc9d9-ddb5-4fa4-a97d-d965ccfc6d4b" outcome="Passed" testListId="8c84fa94-04c1-424b-9868-57a2d4851a1d" relativeResultsDirectory="efc15fb9-bafd-412c-9629-dd3711520c40" />
    <UnitTestResult executionId="cb0f7289-c442-4a47-aee0-1d9279659060" testId="88fcff22-7da1-43c5-95bf-67adfb179d4e" testName="EzBus.AcceptanceTest.When_message_is_received.Message_is_handled" computerName="ZAPOTE04" duration="00:00:00.1480000" startTime="2017-05-23T23:21:34.6801505+02:00" endTime="2017-05-23T23:21:34.6801505+02:00" testType="13cdc9d9-ddb5-4fa4-a97d-d965ccfc6d4b" outcome="Passed" testListId="8c84fa94-04c1-424b-9868-57a2d4851a1d" relativeResultsDirectory="cb0f7289-c442-4a47-aee0-1d9279659060" />
    <UnitTestResult executionId="a6b720f6-130c-41ca-b373-95f46099a345" testId="6cfffd30-217f-4867-97d2-e1da7293b8ff" testName="EzBus.AcceptanceTest.When_host_starts.All_startup_tasks_shall_have_run" computerName="ZAPOTE04" duration="00:00:00.0040000" startTime="2017-05-23T23:21:34.6801505+02:00" endTime="2017-05-23T23:21:34.6801505+02:00" testType="13cdc9d9-ddb5-4fa4-a97d-d965ccfc6d4b" outcome="Passed" testListId="8c84fa94-04c1-424b-9868-57a2d4851a1d" relativeResultsDirectory="a6b720f6-130c-41ca-b373-95f46099a345" />
    <UnitTestResult executionId="74571764-9c9c-4f9b-96a1-61d13f1bce9e" testId="22b3e194-5914-4163-a47d-54c024ff5ff4" testName="EzBus.AcceptanceTest.When_message_is_received_and_exception_is_thrown.Message_should_be_retried_five_times" computerName="ZAPOTE04" duration="00:00:00.0130000" startTime="2017-05-23T23:21:34.6801505+02:00" endTime="2017-05-23T23:21:34.6801505+02:00" testType="13cdc9d9-ddb5-4fa4-a97d-d965ccfc6d4b" outcome="Passed" testListId="8c84fa94-04c1-424b-9868-57a2d4851a1d" relativeResultsDirectory="74571764-9c9c-4f9b-96a1-61d13f1bce9e" />
    <UnitTestResult executionId="34836d61-bbaf-420d-bb8f-da972ffb8c5b" testId="0b70fd97-b8b7-4408-9828-d316bd4163ce" testName="EzBus.AcceptanceTest.When_message_is_received_and_exception_is_thrown.Message_should_be_placed_on_error_queue" computerName="ZAPOTE04" duration="00:00:00.0090000" startTime="2017-05-23T23:21:34.6801505+02:00" endTime="2017-05-23T23:21:34.6801505+02:00" testType="13cdc9d9-ddb5-4fa4-a97d-d965ccfc6d4b" outcome="Passed" testListId="8c84fa94-04c1-424b-9868-57a2d4851a1d" relativeResultsDirectory="34836d61-bbaf-420d-bb8f-da972ffb8c5b" />
    <UnitTestResult executionId="004ffff7-9730-4dc5-a233-b395c052adea" testId="d8adb928-59eb-44c6-ab42-1dca3bc0b7d9" testName="EzBus.Core.Test.Utils.AssemblyScannerTest.Scanner_should_find_all_handlers_types" computerName="ZAPOTE04" duration="00:00:00.0120000" startTime="2017-05-23T23:21:36.8991490+02:00" endTime="2017-05-23T23:21:36.8991490+02:00" testType="13cdc9d9-ddb5-4fa4-a97d-d965ccfc6d4b" outcome="Passed" testListId="8c84fa94-04c1-424b-9868-57a2d4851a1d" relativeResultsDirectory="004ffff7-9730-4dc5-a233-b395c052adea" />
    <UnitTestResult executionId="c482c1de-3150-492d-bdca-06cd103e70d1" testId="084f694d-8d8b-42ee-ae4c-8f14250f6b40" testName="EzBus.Core.Test.HandlerCacheTest.Null_is_returned_when_no_handlerinfo_exists" computerName="ZAPOTE04" duration="00:00:00.0150000" startTime="2017-05-23T23:21:36.8991490+02:00" endTime="2017-05-23T23:21:36.8991490+02:00" testType="13cdc9d9-ddb5-4fa4-a97d-d965ccfc6d4b" outcome="Passed" testListId="8c84fa94-04c1-424b-9868-57a2d4851a1d" relativeResultsDirectory="c482c1de-3150-492d-bdca-06cd103e70d1" />
    <UnitTestResult executionId="0cf8c719-df09-458f-b5a5-aa13ce881c06" testId="342c1c49-7664-4d5a-a963-72a8d3f5e970" testName="EzBus.Core.Test.HandlerCacheTest.Handler_info_is_returned_when_using_full_name" computerName="ZAPOTE04" duration="00:00:00.0020000" startTime="2017-05-23T23:21:36.8991490+02:00" endTime="2017-05-23T23:21:36.8991490+02:00" testType="13cdc9d9-ddb5-4fa4-a97d-d965ccfc6d4b" outcome="Passed" testListId="8c84fa94-04c1-424b-9868-57a2d4851a1d" relativeResultsDirectory="0cf8c719-df09-458f-b5a5-aa13ce881c06" />
    <UnitTestResult executionId="6fcb2f42-5467-4cca-82c2-77e2768f1e2d" testId="b1856443-bb63-4851-990b-00737ecb7cfc" testName="EzBus.Core.Test.HandlerCacheTest.Handler_info_is_returned_when_using_only_class_name" computerName="ZAPOTE04" duration="00:00:00.0010000" startTime="2017-05-23T23:21:36.8991490+02:00" endTime="2017-05-23T23:21:36.8991490+02:00" testType="13cdc9d9-ddb5-4fa4-a97d-d965ccfc6d4b" outcome="Passed" testListId="8c84fa94-04c1-424b-9868-57a2d4851a1d" relativeResultsDirectory="6fcb2f42-5467-4cca-82c2-77e2768f1e2d" />
    <UnitTestResult executionId="38ad7058-e090-4166-baa2-e60b859812d5" testId="812ab992-c065-4199-adc4-010cbc6332d7" testName="EzBus.Core.Test.Utils.AssemblyScannerTest.Scanner_should_find_all_IReceivingChannel_types" computerName="ZAPOTE04" duration="00:00:00.0050000" startTime="2017-05-23T23:21:36.8991490+02:00" endTime="2017-05-23T23:21:36.8991490+02:00" testType="13cdc9d9-ddb5-4fa4-a97d-d965ccfc6d4b" outcome="Passed" testListId="8c84fa94-04c1-424b-9868-57a2d4851a1d" relativeResultsDirectory="38ad7058-e090-4166-baa2-e60b859812d5" />
    <UnitTestResult executionId="4a46f93f-e703-4fb7-bc68-4d831e98b3cc" testId="e3911d08-eb77-4b8d-aff3-d0b213be4b97" testName="EzBus.Core.Test.Utils.TypeExtensionsTest.GetAssemblyName_returns_name_of_the_assembly" computerName="ZAPOTE04" duration="00:00:00.0010000" startTime="2017-05-23T23:21:36.8991490+02:00" endTime="2017-05-23T23:21:36.8991490+02:00" testType="13cdc9d9-ddb5-4fa4-a97d-d965ccfc6d4b" outcome="Passed" testListId="8c84fa94-04c1-424b-9868-57a2d4851a1d" relativeResultsDirectory="4a46f93f-e703-4fb7-bc68-4d831e98b3cc" />
    <UnitTestResult executionId="130e3f49-d7f2-491d-99e5-4b9508c0e75f" testId="14f23642-6191-4647-8243-2e31b87f6f41" testName="EzBus.Core.Test.Utils.TypeExtensionsTest.IsLocal_returns_true_when_type_from_EzBus_Core" computerName="ZAPOTE04" duration="00:00:00.0010000" startTime="2017-05-23T23:21:36.8991490+02:00" endTime="2017-05-23T23:21:36.8991490+02:00" testType="13cdc9d9-ddb5-4fa4-a97d-d965ccfc6d4b" outcome="Passed" testListId="8c84fa94-04c1-424b-9868-57a2d4851a1d" relativeResultsDirectory="130e3f49-d7f2-491d-99e5-4b9508c0e75f" />
    <UnitTestResult executionId="ce1f4b19-ca96-4a50-a5d4-affae0198344" testId="fd6032cf-2cb6-4128-9aff-ae67ab01f10f" testName="EzBus.Core.Test.Serializers.XmlSerializationTest.ComplexTypeIsSerializedCorrect" computerName="ZAPOTE04" duration="00:00:00.0170000" startTime="2017-05-23T23:21:36.8991490+02:00" endTime="2017-05-23T23:21:36.8991490+02:00" testType="13cdc9d9-ddb5-4fa4-a97d-d965ccfc6d4b" outcome="Passed" testListId="8c84fa94-04c1-424b-9868-57a2d4851a1d" relativeResultsDirectory="ce1f4b19-ca96-4a50-a5d4-affae0198344" />
    <UnitTestResult executionId="561035e8-9708-477e-abda-8c3f809c27b0" testId="62239bf0-3485-4f40-be00-ed3e63d60e99" testName="EzBus.Core.Test.Serializers.XmlSerializationTest.DateTimeIsSerializedCorrect" computerName="ZAPOTE04" duration="00:00:00.0010000" startTime="2017-05-23T23:21:36.9361622+02:00" endTime="2017-05-23T23:21:36.9361622+02:00" testType="13cdc9d9-ddb5-4fa4-a97d-d965ccfc6d4b" outcome="Passed" testListId="8c84fa94-04c1-424b-9868-57a2d4851a1d" relativeResultsDirectory="561035e8-9708-477e-abda-8c3f809c27b0" />
    <UnitTestResult executionId="42ccdb0b-3013-4937-9aff-24360bb301e3" testId="fe472848-81f9-40b4-80fe-290094aa5170" testName="EzBus.Core.Test.Serializers.XmlSerializationTest.Collection_is_serialized_correct" computerName="ZAPOTE04" duration="00:00:00.0010000" startTime="2017-05-23T23:21:36.9361622+02:00" endTime="2017-05-23T23:21:36.9361622+02:00" testType="13cdc9d9-ddb5-4fa4-a97d-d965ccfc6d4b" outcome="Passed" testListId="8c84fa94-04c1-424b-9868-57a2d4851a1d" relativeResultsDirectory="42ccdb0b-3013-4937-9aff-24360bb301e3" />
    <UnitTestResult executionId="fccc10b7-03ef-46ac-8f19-dd756b2a6c19" testId="a25ac4ef-aa6b-4d9f-a1f6-ab94b2dd80d3" testName="EzBus.Core.Test.Serializers.XmlSerializationTest.Message_with_collection_is_serialized_correct" computerName="ZAPOTE04" duration="00:00:00.0020000" startTime="2017-05-23T23:21:36.9361622+02:00" endTime="2017-05-23T23:21:36.9361622+02:00" testType="13cdc9d9-ddb5-4fa4-a97d-d965ccfc6d4b" outcome="Passed" testListId="8c84fa94-04c1-424b-9868-57a2d4851a1d" relativeResultsDirectory="fccc10b7-03ef-46ac-8f19-dd756b2a6c19" />
    <UnitTestResult executionId="545ae6ee-699b-431c-b7b1-cfe9c6c96e30" testId="207fc89a-8874-4b3e-b84e-e768f8e61d3e" testName="EzBus.Core.Test.Serializers.XmlSerializationTest.DecimalIsSerializedCorrect" computerName="ZAPOTE04" duration="00:00:00.0010000" startTime="2017-05-23T23:21:36.9361622+02:00" endTime="2017-05-23T23:21:36.9361622+02:00" testType="13cdc9d9-ddb5-4fa4-a97d-d965ccfc6d4b" outcome="Passed" testListId="8c84fa94-04c1-424b-9868-57a2d4851a1d" relativeResultsDirectory="545ae6ee-699b-431c-b7b1-cfe9c6c96e30" />
    <UnitTestResult executionId="0357d989-11b6-41ef-bbe0-7b92cd372f37" testId="2a4e5a4b-7ce9-44b7-9468-3c7a0d8a0c11" testName="EzBus.Core.Test.Serializers.XmlSerializationTest.StringIsSerializedCorrect" computerName="ZAPOTE04" duration="00:00:00.0010000" startTime="2017-05-23T23:21:36.9361622+02:00" endTime="2017-05-23T23:21:36.9361622+02:00" testType="13cdc9d9-ddb5-4fa4-a97d-d965ccfc6d4b" outcome="Passed" testListId="8c84fa94-04c1-424b-9868-57a2d4851a1d" relativeResultsDirectory="0357d989-11b6-41ef-bbe0-7b92cd372f37" />
    <UnitTestResult executionId="f3d6d786-e1dc-4ec4-9867-6545df7ffd87" testId="be36ae9b-4039-484c-b7c4-b0521afeb21e" testName="EzBus.Core.Test.Resolvers.LoggerFactoryResolverTest.LoggerFactory_should_be_TraceLoggerFactory" computerName="ZAPOTE04" duration="00:00:00.0050000" startTime="2017-05-23T23:21:36.9361622+02:00" endTime="2017-05-23T23:21:36.9361622+02:00" testType="13cdc9d9-ddb5-4fa4-a97d-d965ccfc6d4b" outcome="Passed" testListId="8c84fa94-04c1-424b-9868-57a2d4851a1d" relativeResultsDirectory="f3d6d786-e1dc-4ec4-9867-6545df7ffd87" />
    <UnitTestResult executionId="c3b76b80-061d-4056-a4d5-565058e40516" testId="a1edef0b-fd96-41a5-9804-2933eac81f45" testName="EzBus.Core.Test.Serializers.XmlDeserializationTest.Message_should_be_created" computerName="ZAPOTE04" duration="00:00:00.0070000" startTime="2017-05-23T23:21:36.9361622+02:00" endTime="2017-05-23T23:21:36.9361622+02:00" testType="13cdc9d9-ddb5-4fa4-a97d-d965ccfc6d4b" outcome="Passed" testListId="8c84fa94-04c1-424b-9868-57a2d4851a1d" relativeResultsDirectory="c3b76b80-061d-4056-a4d5-565058e40516" />
    <UnitTestResult executionId="60765b91-c62b-436e-b46c-1d3defc97565" testId="ee2110d0-c255-441e-94dc-78f383d7adde" testName="EzBus.Core.Test.Serializers.XmlDeserializationTest.Collection_should_be_set" computerName="ZAPOTE04" duration="00:00:00.0030000" startTime="2017-05-23T23:21:36.9361622+02:00" endTime="2017-05-23T23:21:36.9361622+02:00" testType="13cdc9d9-ddb5-4fa4-a97d-d965ccfc6d4b" outcome="Passed" testListId="8c84fa94-04c1-424b-9868-57a2d4851a1d" relativeResultsDirectory="60765b91-c62b-436e-b46c-1d3defc97565" />
    <UnitTestResult executionId="918b3b05-23d6-4f6c-986a-c738784c024b" testId="0a9a8e52-8ff1-4d2f-8af5-43e5b071c4af" testName="EzBus.Core.Test.Serializers.XmlDeserializationTest.IntValue_should_be_set" computerName="ZAPOTE04" duration="00:00:00.0010000" startTime="2017-05-23T23:21:36.9361622+02:00" endTime="2017-05-23T23:21:36.9361622+02:00" testType="13cdc9d9-ddb5-4fa4-a97d-d965ccfc6d4b" outcome="Passed" testListId="8c84fa94-04c1-424b-9868-57a2d4851a1d" relativeResultsDirectory="918b3b05-23d6-4f6c-986a-c738784c024b" />
    <UnitTestResult executionId="1d8bda9c-b0c6-4ee8-8de4-abc6c8d655d6" testId="788f6c77-1a43-469c-9f38-934d03636602" testName="EzBus.Core.Test.Serializers.XmlDeserializationTest.StringValue_should_be_set" computerName="ZAPOTE04" duration="00:00:00.0010000" startTime="2017-05-23T23:21:36.9571497+02:00" endTime="2017-05-23T23:21:36.9571497+02:00" testType="13cdc9d9-ddb5-4fa4-a97d-d965ccfc6d4b" outcome="Passed" testListId="8c84fa94-04c1-424b-9868-57a2d4851a1d" relativeResultsDirectory="1d8bda9c-b0c6-4ee8-8de4-abc6c8d655d6" />
    <UnitTestResult executionId="defe1035-13a8-4106-93d5-38b98ed419c0" testId="f1e2771d-932b-456b-b0a2-9c739a178900" testName="EzBus.Core.Test.Serializers.XmlDeserializationTest.NullableIntValue_should_be_set" computerName="ZAPOTE04" duration="00:00:00.0010000" startTime="2017-05-23T23:21:36.9571497+02:00" endTime="2017-05-23T23:21:36.9571497+02:00" testType="13cdc9d9-ddb5-4fa4-a97d-d965ccfc6d4b" outcome="Passed" testListId="8c84fa94-04c1-424b-9868-57a2d4851a1d" relativeResultsDirectory="defe1035-13a8-4106-93d5-38b98ed419c0" />
    <UnitTestResult executionId="4ac40c2e-b17a-41e5-b4a9-09bb1154d899" testId="f7470a67-55aa-47bc-9729-b042c7832cfc" testName="EzBus.Core.Test.Routing.ConfigurableMessageRoutingTest.Correct_route_should_be_resolved_when_only_namespace_configured" computerName="ZAPOTE04" duration="00:00:00.1610000" startTime="2017-05-23T23:21:36.9571497+02:00" endTime="2017-05-23T23:21:36.9571497+02:00" testType="13cdc9d9-ddb5-4fa4-a97d-d965ccfc6d4b" outcome="Passed" testListId="8c84fa94-04c1-424b-9868-57a2d4851a1d" relativeResultsDirectory="4ac40c2e-b17a-41e5-b4a9-09bb1154d899" />
    <UnitTestResult executionId="01db1884-2962-4f62-a43d-5cc4b63feecc" testId="85f4895f-af57-4c45-9f80-a161965e283b" testName="EzBus.Core.Test.Routing.ConfigurableMessageRoutingTest.Correct_route_should_be_resolved_when_namespace_and_message_type_configured" computerName="ZAPOTE04" duration="00:00:00.0010000" startTime="2017-05-23T23:21:36.9571497+02:00" endTime="2017-05-23T23:21:36.9571497+02:00" testType="13cdc9d9-ddb5-4fa4-a97d-d965ccfc6d4b" outcome="Passed" testListId="8c84fa94-04c1-424b-9868-57a2d4851a1d" relativeResultsDirectory="01db1884-2962-4f62-a43d-5cc4b63feecc" />
    <UnitTestResult executionId="9d8604a6-afdc-494f-96f3-efb1d8abdec1" testId="bb49f40c-8850-4fcc-a927-65f33d92e099" testName="EzBus.Core.Test.Routing.ConfigurableMessageRoutingTest.DestinationMissingException_should_be_thrown_when_missing_route" computerName="ZAPOTE04" duration="00:00:00.0030000" startTime="2017-05-23T23:21:36.9571497+02:00" endTime="2017-05-23T23:21:36.9571497+02:00" testType="13cdc9d9-ddb5-4fa4-a97d-d965ccfc6d4b" outcome="Passed" testListId="8c84fa94-04c1-424b-9868-57a2d4851a1d" relativeResultsDirectory="9d8604a6-afdc-494f-96f3-efb1d8abdec1" />
    <UnitTestResult executionId="3ce5018c-8745-411c-a096-67dc55f46f92" testId="35b10148-0ba1-4fd4-953f-8c5c2f69e5b6" testName="EzBus.Core.Test.Config.EzBusConfigTest.Second_subscription_should_be_acme_endpoint" computerName="ZAPOTE04" duration="00:00:00.0010000" startTime="2017-05-23T23:21:36.9571497+02:00" endTime="2017-05-23T23:21:36.9571497+02:00" testType="13cdc9d9-ddb5-4fa4-a97d-d965ccfc6d4b" outcome="Passed" testListId="8c84fa94-04c1-424b-9868-57a2d4851a1d" relativeResultsDirectory="3ce5018c-8745-411c-a096-67dc55f46f92" />
    <UnitTestResult executionId="7c93df83-92c1-4b90-b15c-952e75909430" testId="9bcfe9ac-526e-464c-b38b-b6ba7b5c83e0" testName="EzBus.Core.Test.Config.EzBusConfigTest.Second_destination_should_be_globex_input" computerName="ZAPOTE04" duration="00:00:00.0010000" startTime="2017-05-23T23:21:36.9571497+02:00" endTime="2017-05-23T23:21:36.9571497+02:00" testType="13cdc9d9-ddb5-4fa4-a97d-d965ccfc6d4b" outcome="Passed" testListId="8c84fa94-04c1-424b-9868-57a2d4851a1d" relativeResultsDirectory="7c93df83-92c1-4b90-b15c-952e75909430" />
    <UnitTestResult executionId="3177b578-5244-41c5-a408-303e0eac6035" testId="165a27fa-92fa-4fe8-8895-8e793f1fa27e" testName="EzBus.Core.Test.Config.EzBusConfigTest.First_destination_should_be_acme_input" computerName="ZAPOTE04" duration="00:00:00.0010000" startTime="2017-05-23T23:21:36.9571497+02:00" endTime="2017-05-23T23:21:36.9571497+02:00" testType="13cdc9d9-ddb5-4fa4-a97d-d965ccfc6d4b" outcome="Passed" testListId="8c84fa94-04c1-424b-9868-57a2d4851a1d" relativeResultsDirectory="3177b578-5244-41c5-a408-303e0eac6035" />
    <UnitTestResult executionId="58bb363a-d6f9-4d12-98dc-585e19c40c81" testId="f9d3d850-eee8-47e2-a588-c89ec803047a" testName="EzBus.Core.Test.Config.EzBusConfigTest.First_subscription_should_be_globex_endpoint" computerName="ZAPOTE04" duration="00:00:00.0010000" startTime="2017-05-23T23:21:36.9921493+02:00" endTime="2017-05-23T23:21:36.9921493+02:00" testType="13cdc9d9-ddb5-4fa4-a97d-d965ccfc6d4b" outcome="Passed" testListId="8c84fa94-04c1-424b-9868-57a2d4851a1d" relativeResultsDirectory="58bb363a-d6f9-4d12-98dc-585e19c40c81" />
    <UnitTestResult executionId="c5df1597-8227-4a89-acc6-bd7dc8e70078" testId="bdc636a5-824a-4571-a477-1fa3a428064f" testName="EzBus.Core.Test.Config.EzBusConfigTest.EndpointName_should_be_EzBus_Endpoint" computerName="ZAPOTE04" duration="00:00:00.0010000" startTime="2017-05-23T23:21:36.9921493+02:00" endTime="2017-05-23T23:21:36.9921493+02:00" testType="13cdc9d9-ddb5-4fa4-a97d-d965ccfc6d4b" outcome="Passed" testListId="8c84fa94-04c1-424b-9868-57a2d4851a1d" relativeResultsDirectory="c5df1597-8227-4a89-acc6-bd7dc8e70078" />
    <UnitTestResult executionId="9a04c7fd-84f9-4ba4-8525-b327e67de5a8" testId="e1096db2-ecbb-46f1-b5ed-c5a4245dc7f5" testName="EzBus.Core.Test.Logging.TraceLoggerTest.Nothing_should_be_enabled_when_level_is_off" computerName="ZAPOTE04" duration="00:00:00.0010000" startTime="2017-05-23T23:21:36.9921493+02:00" endTime="2017-05-23T23:21:36.9921493+02:00" testType="13cdc9d9-ddb5-4fa4-a97d-d965ccfc6d4b" outcome="Passed" testListId="8c84fa94-04c1-424b-9868-57a2d4851a1d" relativeResultsDirectory="9a04c7fd-84f9-4ba4-8525-b327e67de5a8" />
    <UnitTestResult executionId="4284e449-c108-46af-bb94-3678f592b026" testId="84829333-252b-4c06-9856-0780ac7bbf17" testName="EzBus.Core.Test.Logging.TraceLoggerTest.Error_should_be_enabled_when_level_is_info" computerName="ZAPOTE04" duration="00:00:00.0010000" startTime="2017-05-23T23:21:36.9921493+02:00" endTime="2017-05-23T23:21:36.9921493+02:00" testType="13cdc9d9-ddb5-4fa4-a97d-d965ccfc6d4b" outcome="Passed" testListId="8c84fa94-04c1-424b-9868-57a2d4851a1d" relativeResultsDirectory="4284e449-c108-46af-bb94-3678f592b026" />
    <UnitTestResult executionId="a825395d-dbc0-48b1-93eb-690e5a9952ec" testId="43d17c50-ffe1-4f7d-9a79-82aced5c04b0" testName="EzBus.Core.Test.Logging.TraceLoggerTest.Debug_should_not_be_enabled_when_level_is_info" computerName="ZAPOTE04" duration="00:00:00.0010000" startTime="2017-05-23T23:21:36.9921493+02:00" endTime="2017-05-23T23:21:36.9921493+02:00" testType="13cdc9d9-ddb5-4fa4-a97d-d965ccfc6d4b" outcome="Passed" testListId="8c84fa94-04c1-424b-9868-57a2d4851a1d" relativeResultsDirectory="a825395d-dbc0-48b1-93eb-690e5a9952ec" />
    <UnitTestResult executionId="ed410c13-c10d-47b7-8bd7-0b71bb56cd7d" testId="ad19a6d2-ce3a-4c6f-bc18-783f168bed7c" testName="EzBus.Core.Test.ObjectFactory.LightInjectObjectFactoryTest.Gets_different_objects_within_scope_when_registered_unique" computerName="ZAPOTE04" duration="00:00:00.1420000" startTime="2017-05-23T23:21:36.9921493+02:00" endTime="2017-05-23T23:21:36.9921493+02:00" testType="13cdc9d9-ddb5-4fa4-a97d-d965ccfc6d4b" outcome="Passed" testListId="8c84fa94-04c1-424b-9868-57a2d4851a1d" relativeResultsDirectory="ed410c13-c10d-47b7-8bd7-0b71bb56cd7d" />
    <UnitTestResult executionId="dd3d6209-4691-4208-be5e-b711212db191" testId="5231cc57-2b61-4dfe-9434-4859f5b4a60e" testName="EzBus.Core.Test.ObjectFactory.LightInjectObjectFactoryTest.Gets_same_object_within_scope" computerName="ZAPOTE04" duration="00:00:00.0050000" startTime="2017-05-23T23:21:36.9921493+02:00" endTime="2017-05-23T23:21:36.9921493+02:00" testType="13cdc9d9-ddb5-4fa4-a97d-d965ccfc6d4b" outcome="Passed" testListId="8c84fa94-04c1-424b-9868-57a2d4851a1d" relativeResultsDirectory="dd3d6209-4691-4208-be5e-b711212db191" />
  </Results>
  <TestDefinitions>
    <UnitTest name="EzBus.AcceptanceTest.When_message_is_sent.Then_the_message_should_end_up_in_correct_destination" storage="c:\development\git\ezbus\build\output\ezbus\ezbus.acceptancetest.dll" id="45e59880-8f7a-4a38-b8dc-813e90e6bf78">
      <Execution id="efc15fb9-bafd-412c-9629-dd3711520c40" />
      <TestMethod codeBase="C:\Development\git\ezbus\build\output\EzBus\EzBus.AcceptanceTest.dll" executorUriOfAdapter="executor://xunit/VsTestRunner2" className="EzBus.AcceptanceTest.When_message_is_sent" name="EzBus.AcceptanceTest.When_message_is_sent.Then_the_message_should_end_up_in_correct_destination" />
    </UnitTest>
    <UnitTest name="EzBus.AcceptanceTest.When_message_is_received.Message_is_handled" storage="c:\development\git\ezbus\build\output\ezbus\ezbus.acceptancetest.dll" id="88fcff22-7da1-43c5-95bf-67adfb179d4e">
      <Execution id="cb0f7289-c442-4a47-aee0-1d9279659060" />
      <TestMethod codeBase="C:\Development\git\ezbus\build\output\EzBus\EzBus.AcceptanceTest.dll" executorUriOfAdapter="executor://xunit/VsTestRunner2" className="EzBus.AcceptanceTest.When_message_is_received" name="EzBus.AcceptanceTest.When_message_is_received.Message_is_handled" />
    </UnitTest>
    <UnitTest name="EzBus.AcceptanceTest.When_host_starts.All_startup_tasks_shall_have_run" storage="c:\development\git\ezbus\build\output\ezbus\ezbus.acceptancetest.dll" id="6cfffd30-217f-4867-97d2-e1da7293b8ff">
      <Execution id="a6b720f6-130c-41ca-b373-95f46099a345" />
      <TestMethod codeBase="C:\Development\git\ezbus\build\output\EzBus\EzBus.AcceptanceTest.dll" executorUriOfAdapter="executor://xunit/VsTestRunner2" className="EzBus.AcceptanceTest.When_host_starts" name="EzBus.AcceptanceTest.When_host_starts.All_startup_tasks_shall_have_run" />
    </UnitTest>
    <UnitTest name="EzBus.AcceptanceTest.When_message_is_received_and_exception_is_thrown.Message_should_be_retried_five_times" storage="c:\development\git\ezbus\build\output\ezbus\ezbus.acceptancetest.dll" id="22b3e194-5914-4163-a47d-54c024ff5ff4">
      <Execution id="74571764-9c9c-4f9b-96a1-61d13f1bce9e" />
      <TestMethod codeBase="C:\Development\git\ezbus\build\output\EzBus\EzBus.AcceptanceTest.dll" executorUriOfAdapter="executor://xunit/VsTestRunner2" className="EzBus.AcceptanceTest.When_message_is_received_and_exception_is_thrown" name="EzBus.AcceptanceTest.When_message_is_received_and_exception_is_thrown.Message_should_be_retried_five_times" />
    </UnitTest>
    <UnitTest name="EzBus.AcceptanceTest.When_message_is_received_and_exception_is_thrown.Message_should_be_placed_on_error_queue" storage="c:\development\git\ezbus\build\output\ezbus\ezbus.acceptancetest.dll" id="0b70fd97-b8b7-4408-9828-d316bd4163ce">
      <Execution id="34836d61-bbaf-420d-bb8f-da972ffb8c5b" />
      <TestMethod codeBase="C:\Development\git\ezbus\build\output\EzBus\EzBus.AcceptanceTest.dll" executorUriOfAdapter="executor://xunit/VsTestRunner2" className="EzBus.AcceptanceTest.When_message_is_received_and_exception_is_thrown" name="EzBus.AcceptanceTest.When_message_is_received_and_exception_is_thrown.Message_should_be_placed_on_error_queue" />
    </UnitTest>
    <UnitTest name="EzBus.Core.Test.Utils.AssemblyScannerTest.Scanner_should_find_all_handlers_types" storage="c:\development\git\ezbus\build\output\ezbus\ezbus.core.test.dll" id="d8adb928-59eb-44c6-ab42-1dca3bc0b7d9">
      <Execution id="004ffff7-9730-4dc5-a233-b395c052adea" />
      <TestMethod codeBase="C:\Development\git\ezbus\build\output\EzBus\EzBus.Core.Test.dll" executorUriOfAdapter="executor://xunit/VsTestRunner2" className="EzBus.Core.Test.Utils.AssemblyScannerTest" name="EzBus.Core.Test.Utils.AssemblyScannerTest.Scanner_should_find_all_handlers_types" />
    </UnitTest>
    <UnitTest name="EzBus.Core.Test.HandlerCacheTest.Null_is_returned_when_no_handlerinfo_exists" storage="c:\development\git\ezbus\build\output\ezbus\ezbus.core.test.dll" id="084f694d-8d8b-42ee-ae4c-8f14250f6b40">
      <Execution id="c482c1de-3150-492d-bdca-06cd103e70d1" />
      <TestMethod codeBase="C:\Development\git\ezbus\build\output\EzBus\EzBus.Core.Test.dll" executorUriOfAdapter="executor://xunit/VsTestRunner2" className="EzBus.Core.Test.HandlerCacheTest" name="EzBus.Core.Test.HandlerCacheTest.Null_is_returned_when_no_handlerinfo_exists" />
    </UnitTest>
    <UnitTest name="EzBus.Core.Test.HandlerCacheTest.Handler_info_is_returned_when_using_full_name" storage="c:\development\git\ezbus\build\output\ezbus\ezbus.core.test.dll" id="342c1c49-7664-4d5a-a963-72a8d3f5e970">
      <Execution id="0cf8c719-df09-458f-b5a5-aa13ce881c06" />
      <TestMethod codeBase="C:\Development\git\ezbus\build\output\EzBus\EzBus.Core.Test.dll" executorUriOfAdapter="executor://xunit/VsTestRunner2" className="EzBus.Core.Test.HandlerCacheTest" name="EzBus.Core.Test.HandlerCacheTest.Handler_info_is_returned_when_using_full_name" />
    </UnitTest>
    <UnitTest name="EzBus.Core.Test.HandlerCacheTest.Handler_info_is_returned_when_using_only_class_name" storage="c:\development\git\ezbus\build\output\ezbus\ezbus.core.test.dll" id="b1856443-bb63-4851-990b-00737ecb7cfc">
      <Execution id="6fcb2f42-5467-4cca-82c2-77e2768f1e2d" />
      <TestMethod codeBase="C:\Development\git\ezbus\build\output\EzBus\EzBus.Core.Test.dll" executorUriOfAdapter="executor://xunit/VsTestRunner2" className="EzBus.Core.Test.HandlerCacheTest" name="EzBus.Core.Test.HandlerCacheTest.Handler_info_is_returned_when_using_only_class_name" />
    </UnitTest>
    <UnitTest name="EzBus.Core.Test.Utils.AssemblyScannerTest.Scanner_should_find_all_IReceivingChannel_types" storage="c:\development\git\ezbus\build\output\ezbus\ezbus.core.test.dll" id="812ab992-c065-4199-adc4-010cbc6332d7">
      <Execution id="38ad7058-e090-4166-baa2-e60b859812d5" />
      <TestMethod codeBase="C:\Development\git\ezbus\build\output\EzBus\EzBus.Core.Test.dll" executorUriOfAdapter="executor://xunit/VsTestRunner2" className="EzBus.Core.Test.Utils.AssemblyScannerTest" name="EzBus.Core.Test.Utils.AssemblyScannerTest.Scanner_should_find_all_IReceivingChannel_types" />
    </UnitTest>
    <UnitTest name="EzBus.Core.Test.Utils.TypeExtensionsTest.GetAssemblyName_returns_name_of_the_assembly" storage="c:\development\git\ezbus\build\output\ezbus\ezbus.core.test.dll" id="e3911d08-eb77-4b8d-aff3-d0b213be4b97">
      <Execution id="4a46f93f-e703-4fb7-bc68-4d831e98b3cc" />
      <TestMethod codeBase="C:\Development\git\ezbus\build\output\EzBus\EzBus.Core.Test.dll" executorUriOfAdapter="executor://xunit/VsTestRunner2" className="EzBus.Core.Test.Utils.TypeExtensionsTest" name="EzBus.Core.Test.Utils.TypeExtensionsTest.GetAssemblyName_returns_name_of_the_assembly" />
    </UnitTest>
    <UnitTest name="EzBus.Core.Test.Utils.TypeExtensionsTest.IsLocal_returns_true_when_type_from_EzBus_Core" storage="c:\development\git\ezbus\build\output\ezbus\ezbus.core.test.dll" id="14f23642-6191-4647-8243-2e31b87f6f41">
      <Execution id="130e3f49-d7f2-491d-99e5-4b9508c0e75f" />
      <TestMethod codeBase="C:\Development\git\ezbus\build\output\EzBus\EzBus.Core.Test.dll" executorUriOfAdapter="executor://xunit/VsTestRunner2" className="EzBus.Core.Test.Utils.TypeExtensionsTest" name="EzBus.Core.Test.Utils.TypeExtensionsTest.IsLocal_returns_true_when_type_from_EzBus_Core" />
    </UnitTest>
    <UnitTest name="EzBus.Core.Test.Serializers.XmlSerializationTest.ComplexTypeIsSerializedCorrect" storage="c:\development\git\ezbus\build\output\ezbus\ezbus.core.test.dll" id="fd6032cf-2cb6-4128-9aff-ae67ab01f10f">
      <Execution id="ce1f4b19-ca96-4a50-a5d4-affae0198344" />
      <TestMethod codeBase="C:\Development\git\ezbus\build\output\EzBus\EzBus.Core.Test.dll" executorUriOfAdapter="executor://xunit/VsTestRunner2" className="EzBus.Core.Test.Serializers.XmlSerializationTest" name="EzBus.Core.Test.Serializers.XmlSerializationTest.ComplexTypeIsSerializedCorrect" />
    </UnitTest>
    <UnitTest name="EzBus.Core.Test.Serializers.XmlSerializationTest.DateTimeIsSerializedCorrect" storage="c:\development\git\ezbus\build\output\ezbus\ezbus.core.test.dll" id="62239bf0-3485-4f40-be00-ed3e63d60e99">
      <Execution id="561035e8-9708-477e-abda-8c3f809c27b0" />
      <TestMethod codeBase="C:\Development\git\ezbus\build\output\EzBus\EzBus.Core.Test.dll" executorUriOfAdapter="executor://xunit/VsTestRunner2" className="EzBus.Core.Test.Serializers.XmlSerializationTest" name="EzBus.Core.Test.Serializers.XmlSerializationTest.DateTimeIsSerializedCorrect" />
    </UnitTest>
    <UnitTest name="EzBus.Core.Test.Serializers.XmlSerializationTest.Collection_is_serialized_correct" storage="c:\development\git\ezbus\build\output\ezbus\ezbus.core.test.dll" id="fe472848-81f9-40b4-80fe-290094aa5170">
      <Execution id="42ccdb0b-3013-4937-9aff-24360bb301e3" />
      <TestMethod codeBase="C:\Development\git\ezbus\build\output\EzBus\EzBus.Core.Test.dll" executorUriOfAdapter="executor://xunit/VsTestRunner2" className="EzBus.Core.Test.Serializers.XmlSerializationTest" name="EzBus.Core.Test.Serializers.XmlSerializationTest.Collection_is_serialized_correct" />
    </UnitTest>
    <UnitTest name="EzBus.Core.Test.Serializers.XmlSerializationTest.Message_with_collection_is_serialized_correct" storage="c:\development\git\ezbus\build\output\ezbus\ezbus.core.test.dll" id="a25ac4ef-aa6b-4d9f-a1f6-ab94b2dd80d3">
      <Execution id="fccc10b7-03ef-46ac-8f19-dd756b2a6c19" />
      <TestMethod codeBase="C:\Development\git\ezbus\build\output\EzBus\EzBus.Core.Test.dll" executorUriOfAdapter="executor://xunit/VsTestRunner2" className="EzBus.Core.Test.Serializers.XmlSerializationTest" name="EzBus.Core.Test.Serializers.XmlSerializationTest.Message_with_collection_is_serialized_correct" />
    </UnitTest>
    <UnitTest name="EzBus.Core.Test.Serializers.XmlSerializationTest.DecimalIsSerializedCorrect" storage="c:\development\git\ezbus\build\output\ezbus\ezbus.core.test.dll" id="207fc89a-8874-4b3e-b84e-e768f8e61d3e">
      <Execution id="545ae6ee-699b-431c-b7b1-cfe9c6c96e30" />
      <TestMethod codeBase="C:\Development\git\ezbus\build\output\EzBus\EzBus.Core.Test.dll" executorUriOfAdapter="executor://xunit/VsTestRunner2" className="EzBus.Core.Test.Serializers.XmlSerializationTest" name="EzBus.Core.Test.Serializers.XmlSerializationTest.DecimalIsSerializedCorrect" />
    </UnitTest>
    <UnitTest name="EzBus.Core.Test.Serializers.XmlSerializationTest.StringIsSerializedCorrect" storage="c:\development\git\ezbus\build\output\ezbus\ezbus.core.test.dll" id="2a4e5a4b-7ce9-44b7-9468-3c7a0d8a0c11">
      <Execution id="0357d989-11b6-41ef-bbe0-7b92cd372f37" />
      <TestMethod codeBase="C:\Development\git\ezbus\build\output\EzBus\EzBus.Core.Test.dll" executorUriOfAdapter="executor://xunit/VsTestRunner2" className="EzBus.Core.Test.Serializers.XmlSerializationTest" name="EzBus.Core.Test.Serializers.XmlSerializationTest.StringIsSerializedCorrect" />
    </UnitTest>
    <UnitTest name="EzBus.Core.Test.Resolvers.LoggerFactoryResolverTest.LoggerFactory_should_be_TraceLoggerFactory" storage="c:\development\git\ezbus\build\output\ezbus\ezbus.core.test.dll" id="be36ae9b-4039-484c-b7c4-b0521afeb21e">
      <Execution id="f3d6d786-e1dc-4ec4-9867-6545df7ffd87" />
      <TestMethod codeBase="C:\Development\git\ezbus\build\output\EzBus\EzBus.Core.Test.dll" executorUriOfAdapter="executor://xunit/VsTestRunner2" className="EzBus.Core.Test.Resolvers.LoggerFactoryResolverTest" name="EzBus.Core.Test.Resolvers.LoggerFactoryResolverTest.LoggerFactory_should_be_TraceLoggerFactory" />
    </UnitTest>
    <UnitTest name="EzBus.Core.Test.Serializers.XmlDeserializationTest.Message_should_be_created" storage="c:\development\git\ezbus\build\output\ezbus\ezbus.core.test.dll" id="a1edef0b-fd96-41a5-9804-2933eac81f45">
      <Execution id="c3b76b80-061d-4056-a4d5-565058e40516" />
      <TestMethod codeBase="C:\Development\git\ezbus\build\output\EzBus\EzBus.Core.Test.dll" executorUriOfAdapter="executor://xunit/VsTestRunner2" className="EzBus.Core.Test.Serializers.XmlDeserializationTest" name="EzBus.Core.Test.Serializers.XmlDeserializationTest.Message_should_be_created" />
    </UnitTest>
    <UnitTest name="EzBus.Core.Test.Serializers.XmlDeserializationTest.Collection_should_be_set" storage="c:\development\git\ezbus\build\output\ezbus\ezbus.core.test.dll" id="ee2110d0-c255-441e-94dc-78f383d7adde">
      <Execution id="60765b91-c62b-436e-b46c-1d3defc97565" />
      <TestMethod codeBase="C:\Development\git\ezbus\build\output\EzBus\EzBus.Core.Test.dll" executorUriOfAdapter="executor://xunit/VsTestRunner2" className="EzBus.Core.Test.Serializers.XmlDeserializationTest" name="EzBus.Core.Test.Serializers.XmlDeserializationTest.Collection_should_be_set" />
    </UnitTest>
    <UnitTest name="EzBus.Core.Test.Serializers.XmlDeserializationTest.IntValue_should_be_set" storage="c:\development\git\ezbus\build\output\ezbus\ezbus.core.test.dll" id="0a9a8e52-8ff1-4d2f-8af5-43e5b071c4af">
      <Execution id="918b3b05-23d6-4f6c-986a-c738784c024b" />
      <TestMethod codeBase="C:\Development\git\ezbus\build\output\EzBus\EzBus.Core.Test.dll" executorUriOfAdapter="executor://xunit/VsTestRunner2" className="EzBus.Core.Test.Serializers.XmlDeserializationTest" name="EzBus.Core.Test.Serializers.XmlDeserializationTest.IntValue_should_be_set" />
    </UnitTest>
    <UnitTest name="EzBus.Core.Test.Serializers.XmlDeserializationTest.StringValue_should_be_set" storage="c:\development\git\ezbus\build\output\ezbus\ezbus.core.test.dll" id="788f6c77-1a43-469c-9f38-934d03636602">
      <Execution id="1d8bda9c-b0c6-4ee8-8de4-abc6c8d655d6" />
      <TestMethod codeBase="C:\Development\git\ezbus\build\output\EzBus\EzBus.Core.Test.dll" executorUriOfAdapter="executor://xunit/VsTestRunner2" className="EzBus.Core.Test.Serializers.XmlDeserializationTest" name="EzBus.Core.Test.Serializers.XmlDeserializationTest.StringValue_should_be_set" />
    </UnitTest>
    <UnitTest name="EzBus.Core.Test.Serializers.XmlDeserializationTest.NullableIntValue_should_be_set" storage="c:\development\git\ezbus\build\output\ezbus\ezbus.core.test.dll" id="f1e2771d-932b-456b-b0a2-9c739a178900">
      <Execution id="defe1035-13a8-4106-93d5-38b98ed419c0" />
      <TestMethod codeBase="C:\Development\git\ezbus\build\output\EzBus\EzBus.Core.Test.dll" executorUriOfAdapter="executor://xunit/VsTestRunner2" className="EzBus.Core.Test.Serializers.XmlDeserializationTest" name="EzBus.Core.Test.Serializers.XmlDeserializationTest.NullableIntValue_should_be_set" />
    </UnitTest>
    <UnitTest name="EzBus.Core.Test.Routing.ConfigurableMessageRoutingTest.Correct_route_should_be_resolved_when_only_namespace_configured" storage="c:\development\git\ezbus\build\output\ezbus\ezbus.core.test.dll" id="f7470a67-55aa-47bc-9729-b042c7832cfc">
      <Execution id="4ac40c2e-b17a-41e5-b4a9-09bb1154d899" />
      <TestMethod codeBase="C:\Development\git\ezbus\build\output\EzBus\EzBus.Core.Test.dll" executorUriOfAdapter="executor://xunit/VsTestRunner2" className="EzBus.Core.Test.Routing.ConfigurableMessageRoutingTest" name="EzBus.Core.Test.Routing.ConfigurableMessageRoutingTest.Correct_route_should_be_resolved_when_only_namespace_configured" />
    </UnitTest>
    <UnitTest name="EzBus.Core.Test.Routing.ConfigurableMessageRoutingTest.Correct_route_should_be_resolved_when_namespace_and_message_type_configured" storage="c:\development\git\ezbus\build\output\ezbus\ezbus.core.test.dll" id="85f4895f-af57-4c45-9f80-a161965e283b">
      <Execution id="01db1884-2962-4f62-a43d-5cc4b63feecc" />
      <TestMethod codeBase="C:\Development\git\ezbus\build\output\EzBus\EzBus.Core.Test.dll" executorUriOfAdapter="executor://xunit/VsTestRunner2" className="EzBus.Core.Test.Routing.ConfigurableMessageRoutingTest" name="EzBus.Core.Test.Routing.ConfigurableMessageRoutingTest.Correct_route_should_be_resolved_when_namespace_and_message_type_configured" />
    </UnitTest>
    <UnitTest name="EzBus.Core.Test.Routing.ConfigurableMessageRoutingTest.DestinationMissingException_should_be_thrown_when_missing_route" storage="c:\development\git\ezbus\build\output\ezbus\ezbus.core.test.dll" id="bb49f40c-8850-4fcc-a927-65f33d92e099">
      <Execution id="9d8604a6-afdc-494f-96f3-efb1d8abdec1" />
      <TestMethod codeBase="C:\Development\git\ezbus\build\output\EzBus\EzBus.Core.Test.dll" executorUriOfAdapter="executor://xunit/VsTestRunner2" className="EzBus.Core.Test.Routing.ConfigurableMessageRoutingTest" name="EzBus.Core.Test.Routing.ConfigurableMessageRoutingTest.DestinationMissingException_should_be_thrown_when_missing_route" />
    </UnitTest>
    <UnitTest name="EzBus.Core.Test.Config.EzBusConfigTest.Second_subscription_should_be_acme_endpoint" storage="c:\development\git\ezbus\build\output\ezbus\ezbus.core.test.dll" id="35b10148-0ba1-4fd4-953f-8c5c2f69e5b6">
      <Execution id="3ce5018c-8745-411c-a096-67dc55f46f92" />
      <TestMethod codeBase="C:\Development\git\ezbus\build\output\EzBus\EzBus.Core.Test.dll" executorUriOfAdapter="executor://xunit/VsTestRunner2" className="EzBus.Core.Test.Config.EzBusConfigTest" name="EzBus.Core.Test.Config.EzBusConfigTest.Second_subscription_should_be_acme_endpoint" />
    </UnitTest>
    <UnitTest name="EzBus.Core.Test.Config.EzBusConfigTest.Second_destination_should_be_globex_input" storage="c:\development\git\ezbus\build\output\ezbus\ezbus.core.test.dll" id="9bcfe9ac-526e-464c-b38b-b6ba7b5c83e0">
      <Execution id="7c93df83-92c1-4b90-b15c-952e75909430" />
      <TestMethod codeBase="C:\Development\git\ezbus\build\output\EzBus\EzBus.Core.Test.dll" executorUriOfAdapter="executor://xunit/VsTestRunner2" className="EzBus.Core.Test.Config.EzBusConfigTest" name="EzBus.Core.Test.Config.EzBusConfigTest.Second_destination_should_be_globex_input" />
    </UnitTest>
    <UnitTest name="EzBus.Core.Test.Config.EzBusConfigTest.First_destination_should_be_acme_input" storage="c:\development\git\ezbus\build\output\ezbus\ezbus.core.test.dll" id="165a27fa-92fa-4fe8-8895-8e793f1fa27e">
      <Execution id="3177b578-5244-41c5-a408-303e0eac6035" />
      <TestMethod codeBase="C:\Development\git\ezbus\build\output\EzBus\EzBus.Core.Test.dll" executorUriOfAdapter="executor://xunit/VsTestRunner2" className="EzBus.Core.Test.Config.EzBusConfigTest" name="EzBus.Core.Test.Config.EzBusConfigTest.First_destination_should_be_acme_input" />
    </UnitTest>
    <UnitTest name="EzBus.Core.Test.Config.EzBusConfigTest.First_subscription_should_be_globex_endpoint" storage="c:\development\git\ezbus\build\output\ezbus\ezbus.core.test.dll" id="f9d3d850-eee8-47e2-a588-c89ec803047a">
      <Execution id="58bb363a-d6f9-4d12-98dc-585e19c40c81" />
      <TestMethod codeBase="C:\Development\git\ezbus\build\output\EzBus\EzBus.Core.Test.dll" executorUriOfAdapter="executor://xunit/VsTestRunner2" className="EzBus.Core.Test.Config.EzBusConfigTest" name="EzBus.Core.Test.Config.EzBusConfigTest.First_subscription_should_be_globex_endpoint" />
    </UnitTest>
    <UnitTest name="EzBus.Core.Test.Config.EzBusConfigTest.EndpointName_should_be_EzBus_Endpoint" storage="c:\development\git\ezbus\build\output\ezbus\ezbus.core.test.dll" id="bdc636a5-824a-4571-a477-1fa3a428064f">
      <Execution id="c5df1597-8227-4a89-acc6-bd7dc8e70078" />
      <TestMethod codeBase="C:\Development\git\ezbus\build\output\EzBus\EzBus.Core.Test.dll" executorUriOfAdapter="executor://xunit/VsTestRunner2" className="EzBus.Core.Test.Config.EzBusConfigTest" name="EzBus.Core.Test.Config.EzBusConfigTest.EndpointName_should_be_EzBus_Endpoint" />
    </UnitTest>
    <UnitTest name="EzBus.Core.Test.Logging.TraceLoggerTest.Nothing_should_be_enabled_when_level_is_off" storage="c:\development\git\ezbus\build\output\ezbus\ezbus.core.test.dll" id="e1096db2-ecbb-46f1-b5ed-c5a4245dc7f5">
      <Execution id="9a04c7fd-84f9-4ba4-8525-b327e67de5a8" />
      <TestMethod codeBase="C:\Development\git\ezbus\build\output\EzBus\EzBus.Core.Test.dll" executorUriOfAdapter="executor://xunit/VsTestRunner2" className="EzBus.Core.Test.Logging.TraceLoggerTest" name="EzBus.Core.Test.Logging.TraceLoggerTest.Nothing_should_be_enabled_when_level_is_off" />
    </UnitTest>
    <UnitTest name="EzBus.Core.Test.Logging.TraceLoggerTest.Error_should_be_enabled_when_level_is_info" storage="c:\development\git\ezbus\build\output\ezbus\ezbus.core.test.dll" id="84829333-252b-4c06-9856-0780ac7bbf17">
      <Execution id="4284e449-c108-46af-bb94-3678f592b026" />
      <TestMethod codeBase="C:\Development\git\ezbus\build\output\EzBus\EzBus.Core.Test.dll" executorUriOfAdapter="executor://xunit/VsTestRunner2" className="EzBus.Core.Test.Logging.TraceLoggerTest" name="EzBus.Core.Test.Logging.TraceLoggerTest.Error_should_be_enabled_when_level_is_info" />
    </UnitTest>
    <UnitTest name="EzBus.Core.Test.Logging.TraceLoggerTest.Debug_should_not_be_enabled_when_level_is_info" storage="c:\development\git\ezbus\build\output\ezbus\ezbus.core.test.dll" id="43d17c50-ffe1-4f7d-9a79-82aced5c04b0">
      <Execution id="a825395d-dbc0-48b1-93eb-690e5a9952ec" />
      <TestMethod codeBase="C:\Development\git\ezbus\build\output\EzBus\EzBus.Core.Test.dll" executorUriOfAdapter="executor://xunit/VsTestRunner2" className="EzBus.Core.Test.Logging.TraceLoggerTest" name="EzBus.Core.Test.Logging.TraceLoggerTest.Debug_should_not_be_enabled_when_level_is_info" />
    </UnitTest>
    <UnitTest name="EzBus.Core.Test.ObjectFactory.LightInjectObjectFactoryTest.Gets_different_objects_within_scope_when_registered_unique" storage="c:\development\git\ezbus\build\output\ezbus\ezbus.core.test.dll" id="ad19a6d2-ce3a-4c6f-bc18-783f168bed7c">
      <Execution id="ed410c13-c10d-47b7-8bd7-0b71bb56cd7d" />
      <TestMethod codeBase="C:\Development\git\ezbus\build\output\EzBus\EzBus.Core.Test.dll" executorUriOfAdapter="executor://xunit/VsTestRunner2" className="EzBus.Core.Test.ObjectFactory.LightInjectObjectFactoryTest" name="EzBus.Core.Test.ObjectFactory.LightInjectObjectFactoryTest.Gets_different_objects_within_scope_when_registered_unique" />
    </UnitTest>
    <UnitTest name="EzBus.Core.Test.ObjectFactory.LightInjectObjectFactoryTest.Gets_same_object_within_scope" storage="c:\development\git\ezbus\build\output\ezbus\ezbus.core.test.dll" id="5231cc57-2b61-4dfe-9434-4859f5b4a60e">
      <Execution id="dd3d6209-4691-4208-be5e-b711212db191" />
      <TestMethod codeBase="C:\Development\git\ezbus\build\output\EzBus\EzBus.Core.Test.dll" executorUriOfAdapter="executor://xunit/VsTestRunner2" className="EzBus.Core.Test.ObjectFactory.LightInjectObjectFactoryTest" name="EzBus.Core.Test.ObjectFactory.LightInjectObjectFactoryTest.Gets_same_object_within_scope" />
    </UnitTest>
  </TestDefinitions>
  <TestEntries>
    <TestEntry testId="45e59880-8f7a-4a38-b8dc-813e90e6bf78" executionId="efc15fb9-bafd-412c-9629-dd3711520c40" testListId="8c84fa94-04c1-424b-9868-57a2d4851a1d" />
    <TestEntry testId="88fcff22-7da1-43c5-95bf-67adfb179d4e" executionId="cb0f7289-c442-4a47-aee0-1d9279659060" testListId="8c84fa94-04c1-424b-9868-57a2d4851a1d" />
    <TestEntry testId="6cfffd30-217f-4867-97d2-e1da7293b8ff" executionId="a6b720f6-130c-41ca-b373-95f46099a345" testListId="8c84fa94-04c1-424b-9868-57a2d4851a1d" />
    <TestEntry testId="22b3e194-5914-4163-a47d-54c024ff5ff4" executionId="74571764-9c9c-4f9b-96a1-61d13f1bce9e" testListId="8c84fa94-04c1-424b-9868-57a2d4851a1d" />
    <TestEntry testId="0b70fd97-b8b7-4408-9828-d316bd4163ce" executionId="34836d61-bbaf-420d-bb8f-da972ffb8c5b" testListId="8c84fa94-04c1-424b-9868-57a2d4851a1d" />
    <TestEntry testId="d8adb928-59eb-44c6-ab42-1dca3bc0b7d9" executionId="004ffff7-9730-4dc5-a233-b395c052adea" testListId="8c84fa94-04c1-424b-9868-57a2d4851a1d" />
    <TestEntry testId="084f694d-8d8b-42ee-ae4c-8f14250f6b40" executionId="c482c1de-3150-492d-bdca-06cd103e70d1" testListId="8c84fa94-04c1-424b-9868-57a2d4851a1d" />
    <TestEntry testId="342c1c49-7664-4d5a-a963-72a8d3f5e970" executionId="0cf8c719-df09-458f-b5a5-aa13ce881c06" testListId="8c84fa94-04c1-424b-9868-57a2d4851a1d" />
    <TestEntry testId="b1856443-bb63-4851-990b-00737ecb7cfc" executionId="6fcb2f42-5467-4cca-82c2-77e2768f1e2d" testListId="8c84fa94-04c1-424b-9868-57a2d4851a1d" />
    <TestEntry testId="812ab992-c065-4199-adc4-010cbc6332d7" executionId="38ad7058-e090-4166-baa2-e60b859812d5" testListId="8c84fa94-04c1-424b-9868-57a2d4851a1d" />
    <TestEntry testId="e3911d08-eb77-4b8d-aff3-d0b213be4b97" executionId="4a46f93f-e703-4fb7-bc68-4d831e98b3cc" testListId="8c84fa94-04c1-424b-9868-57a2d4851a1d" />
    <TestEntry testId="14f23642-6191-4647-8243-2e31b87f6f41" executionId="130e3f49-d7f2-491d-99e5-4b9508c0e75f" testListId="8c84fa94-04c1-424b-9868-57a2d4851a1d" />
    <TestEntry testId="fd6032cf-2cb6-4128-9aff-ae67ab01f10f" executionId="ce1f4b19-ca96-4a50-a5d4-affae0198344" testListId="8c84fa94-04c1-424b-9868-57a2d4851a1d" />
    <TestEntry testId="62239bf0-3485-4f40-be00-ed3e63d60e99" executionId="561035e8-9708-477e-abda-8c3f809c27b0" testListId="8c84fa94-04c1-424b-9868-57a2d4851a1d" />
    <TestEntry testId="fe472848-81f9-40b4-80fe-290094aa5170" executionId="42ccdb0b-3013-4937-9aff-24360bb301e3" testListId="8c84fa94-04c1-424b-9868-57a2d4851a1d" />
    <TestEntry testId="a25ac4ef-aa6b-4d9f-a1f6-ab94b2dd80d3" executionId="fccc10b7-03ef-46ac-8f19-dd756b2a6c19" testListId="8c84fa94-04c1-424b-9868-57a2d4851a1d" />
    <TestEntry testId="207fc89a-8874-4b3e-b84e-e768f8e61d3e" executionId="545ae6ee-699b-431c-b7b1-cfe9c6c96e30" testListId="8c84fa94-04c1-424b-9868-57a2d4851a1d" />
    <TestEntry testId="2a4e5a4b-7ce9-44b7-9468-3c7a0d8a0c11" executionId="0357d989-11b6-41ef-bbe0-7b92cd372f37" testListId="8c84fa94-04c1-424b-9868-57a2d4851a1d" />
    <TestEntry testId="be36ae9b-4039-484c-b7c4-b0521afeb21e" executionId="f3d6d786-e1dc-4ec4-9867-6545df7ffd87" testListId="8c84fa94-04c1-424b-9868-57a2d4851a1d" />
    <TestEntry testId="a1edef0b-fd96-41a5-9804-2933eac81f45" executionId="c3b76b80-061d-4056-a4d5-565058e40516" testListId="8c84fa94-04c1-424b-9868-57a2d4851a1d" />
    <TestEntry testId="ee2110d0-c255-441e-94dc-78f383d7adde" executionId="60765b91-c62b-436e-b46c-1d3defc97565" testListId="8c84fa94-04c1-424b-9868-57a2d4851a1d" />
    <TestEntry testId="0a9a8e52-8ff1-4d2f-8af5-43e5b071c4af" executionId="918b3b05-23d6-4f6c-986a-c738784c024b" testListId="8c84fa94-04c1-424b-9868-57a2d4851a1d" />
    <TestEntry testId="788f6c77-1a43-469c-9f38-934d03636602" executionId="1d8bda9c-b0c6-4ee8-8de4-abc6c8d655d6" testListId="8c84fa94-04c1-424b-9868-57a2d4851a1d" />
    <TestEntry testId="f1e2771d-932b-456b-b0a2-9c739a178900" executionId="defe1035-13a8-4106-93d5-38b98ed419c0" testListId="8c84fa94-04c1-424b-9868-57a2d4851a1d" />
    <TestEntry testId="f7470a67-55aa-47bc-9729-b042c7832cfc" executionId="4ac40c2e-b17a-41e5-b4a9-09bb1154d899" testListId="8c84fa94-04c1-424b-9868-57a2d4851a1d" />
    <TestEntry testId="85f4895f-af57-4c45-9f80-a161965e283b" executionId="01db1884-2962-4f62-a43d-5cc4b63feecc" testListId="8c84fa94-04c1-424b-9868-57a2d4851a1d" />
    <TestEntry testId="bb49f40c-8850-4fcc-a927-65f33d92e099" executionId="9d8604a6-afdc-494f-96f3-efb1d8abdec1" testListId="8c84fa94-04c1-424b-9868-57a2d4851a1d" />
    <TestEntry testId="35b10148-0ba1-4fd4-953f-8c5c2f69e5b6" executionId="3ce5018c-8745-411c-a096-67dc55f46f92" testListId="8c84fa94-04c1-424b-9868-57a2d4851a1d" />
    <TestEntry testId="9bcfe9ac-526e-464c-b38b-b6ba7b5c83e0" executionId="7c93df83-92c1-4b90-b15c-952e75909430" testListId="8c84fa94-04c1-424b-9868-57a2d4851a1d" />
    <TestEntry testId="165a27fa-92fa-4fe8-8895-8e793f1fa27e" executionId="3177b578-5244-41c5-a408-303e0eac6035" testListId="8c84fa94-04c1-424b-9868-57a2d4851a1d" />
    <TestEntry testId="f9d3d850-eee8-47e2-a588-c89ec803047a" executionId="58bb363a-d6f9-4d12-98dc-585e19c40c81" testListId="8c84fa94-04c1-424b-9868-57a2d4851a1d" />
    <TestEntry testId="bdc636a5-824a-4571-a477-1fa3a428064f" executionId="c5df1597-8227-4a89-acc6-bd7dc8e70078" testListId="8c84fa94-04c1-424b-9868-57a2d4851a1d" />
    <TestEntry testId="e1096db2-ecbb-46f1-b5ed-c5a4245dc7f5" executionId="9a04c7fd-84f9-4ba4-8525-b327e67de5a8" testListId="8c84fa94-04c1-424b-9868-57a2d4851a1d" />
    <TestEntry testId="84829333-252b-4c06-9856-0780ac7bbf17" executionId="4284e449-c108-46af-bb94-3678f592b026" testListId="8c84fa94-04c1-424b-9868-57a2d4851a1d" />
    <TestEntry testId="43d17c50-ffe1-4f7d-9a79-82aced5c04b0" executionId="a825395d-dbc0-48b1-93eb-690e5a9952ec" testListId="8c84fa94-04c1-424b-9868-57a2d4851a1d" />
    <TestEntry testId="ad19a6d2-ce3a-4c6f-bc18-783f168bed7c" executionId="ed410c13-c10d-47b7-8bd7-0b71bb56cd7d" testListId="8c84fa94-04c1-424b-9868-57a2d4851a1d" />
    <TestEntry testId="5231cc57-2b61-4dfe-9434-4859f5b4a60e" executionId="dd3d6209-4691-4208-be5e-b711212db191" testListId="8c84fa94-04c1-424b-9868-57a2d4851a1d" />
  </TestEntries>
  <TestLists>
    <TestList name="Results Not in a List" id="8c84fa94-04c1-424b-9868-57a2d4851a1d" />
    <TestList name="All Loaded Results" id="19431567-8539-422a-85d7-44ee4e166bda" />
  </TestLists>
  <ResultSummary outcome="Completed">
    <Counters total="37" executed="37" passed="37" failed="0" error="0" timeout="0" aborted="0" inconclusive="0" passedButRunAborted="0" notRunnable="0" notExecuted="0" disconnected="0" warning="0" completed="0" inProgress="0" pending="0" />
    <Output>
      <StdOut>[xUnit.net 00:00:00.5100079]   Discovering: EzBus.AcceptanceTest[xUnit.net 00:00:00.6271689]   Discovered:  EzBus.AcceptanceTest[xUnit.net 00:00:00.6798122]   Starting:    EzBus.AcceptanceTest[xUnit.net 00:00:00.9759050]   Finished:    EzBus.AcceptanceTest[xUnit.net 00:00:00.4981806]   Discovering: EzBus.Core.Test[xUnit.net 00:00:00.6363911]   Discovered:  EzBus.Core.Test[xUnit.net 00:00:00.6974327]   Starting:    EzBus.Core.Test[xUnit.net 00:00:01.0310190]   Finished:    EzBus.Core.Test</StdOut>
    </Output>
  </ResultSummary>
</TestRun>